  FFTs.cpp
E:\DECX_world\samples\FFTs\FFT1D.h(55,34): warning C4244: '=': conversion from 'int' to '_ptr_type', possible loss of data
          with
          [
              _ptr_type=float
          ]
E:\DECX_world\samples\FFTs\FFT1D.h(58,41): warning C4244: '=': conversion from 'int' to 'float', possible loss of data
E:\DECX_world\samples\FFTs\FFT1D.h(87,16): warning C4244: 'initializing': conversion from 'uint64_t' to 'int', possible loss of data
E:\DECX_world\samples\FFTs\FFT1D.h(91,16): warning C4244: 'initializing': conversion from 'uint64_t' to 'int', possible loss of data
E:\DECX_world\samples\FFTs\FFT1D.h(129,34): warning C4244: '=': conversion from 'int' to '_ptr_type', possible loss of data
          with
          [
              _ptr_type=float
          ]
E:\DECX_world\samples\FFTs\FFT1D.h(132,41): warning C4244: '=': conversion from 'int' to 'float', possible loss of data
E:\DECX_world\samples\FFTs\FFT1D.h(168,16): warning C4244: 'initializing': conversion from 'uint64_t' to 'int', possible loss of data
E:\DECX_world\samples\FFTs\FFT1D.h(172,16): warning C4244: 'initializing': conversion from 'uint64_t' to 'int', possible loss of data
E:\DECX_world\samples\FFTs\FFT3D.h(34,27): warning C4018: '<': signed/unsigned mismatch
E:\DECX_world\samples\FFTs\FFT3D.h(35,31): warning C4018: '<': signed/unsigned mismatch
E:\DECX_world\samples\FFTs\FFT3D.h(36,35): warning C4018: '<': signed/unsigned mismatch
E:\DECX_world\samples\FFTs\FFT3D.h(39,55): warning C4244: '=': conversion from 'int32_t' to '_ptr_type', possible loss of data
          with
          [
              _ptr_type=float
          ]
E:\DECX_world\samples\FFTs\FFT3D.h(42,62): warning C4244: '=': conversion from 'int32_t' to 'float', possible loss of data
E:\DECX_world\samples\FFTs\FFT3D.h(99,27): warning C4018: '<': signed/unsigned mismatch
E:\DECX_world\samples\FFTs\FFT3D.h(100,31): warning C4018: '<': signed/unsigned mismatch
E:\DECX_world\samples\FFTs\FFT3D.h(101,35): warning C4018: '<': signed/unsigned mismatch
E:\DECX_world\samples\FFTs\FFT3D.h(104,55): warning C4244: '=': conversion from 'int32_t' to '_ptr_type', possible loss of data
          with
          [
              _ptr_type=float
          ]
E:\DECX_world\samples\FFTs\FFT3D.h(107,62): warning C4244: '=': conversion from 'int32_t' to 'float', possible loss of data
     Creating library E:\DECX_world\samples\x64\Release\FFTs.lib and object E:\DECX_world\samples\x64\Release\FFTs.exp
  Generating code
  20 of 91 functions (22.0%) were compiled, the rest were copied from previous compilation.
    11 functions were new in current compilation
    1 functions had inline decision re-evaluated but remain unchanged
  Finished generating code
  FFTs.vcxproj -> E:\DECX_world\samples\x64\Release\FFTs.exe
