e:\decx_world\decx_dsp_cpu\x64\release\fft1d.obj
e:\decx_world\decx_dsp_cpu\x64\release\fft1d_r2_cplxd_kernels.obj
e:\decx_world\decx_dsp_cpu\x64\release\zeros.obj
e:\decx_world\decx_dsp_cpu\x64\release\cpu_fft1d_planner.obj
e:\decx_world\decx_dsp_cpu\x64\release\low_pass.obj
e:\decx_world\decx_dsp_cpu\x64\release\fft1d_cplxd64.obj
e:\decx_world\decx_dsp_cpu\x64\release\cpl32_extract_exec.obj
e:\decx_world\decx_dsp_cpu\x64\release\fft1d_r3_cplxd_kernels.obj
e:\decx_world\decx_dsp_cpu\x64\release\fft3d.obj
e:\decx_world\decx_dsp_cpu\x64\release\fft1d_cplxf32.obj
e:\decx_world\decx_dsp_cpu\x64\release\w_table.obj
e:\decx_world\decx_dsp_cpu\x64\release\fft1d_r5_cplxf_kernels.obj
e:\decx_world\decx_dsp_cpu\x64\release\distributions_exec.obj
e:\decx_world\decx_dsp_cpu\x64\release\fft1d_kernel_utils.obj
e:\decx_world\decx_dsp_cpu\x64\release\windows.obj
e:\decx_world\decx_dsp_cpu\x64\release\fft1d_r2_cplxf_kernels.obj
e:\decx_world\decx_dsp_cpu\x64\release\fft1d_r5_cplxd_kernels.obj
e:\decx_world\decx_dsp_cpu\x64\release\fft1d_r4_cplxf_kernels.obj
e:\decx_world\decx_dsp_cpu\x64\release\cpu_fft2d_planner.obj
e:\decx_world\decx_dsp_cpu\x64\release\fft2d.obj
e:\decx_world\decx_dsp_cpu\x64\release\fft1d_r4_cplxd_kernels.obj
e:\decx_world\decx_dsp_cpu\x64\release\cpu_fft_tiles.obj
e:\decx_world\decx_dsp_cpu\x64\release\fft1d_r3_cplxf_kernels.obj
e:\decx_world\decx_dsp_cpu\x64\release\decx_trigonometric_x86_masm.obj
e:\decx_world\decx_dsp_cpu\x64\release\vc142.pdb
e:\decx_world\decx_dsp_cpu\x64\release\decx_dsp_cpu.tlog\cl.10392.write.1.tlog
e:\decx_world\decx_dsp_cpu\x64\release\decx_dsp_cpu.tlog\cl.command.1.tlog
e:\decx_world\decx_dsp_cpu\x64\release\decx_dsp_cpu.tlog\cl.read.1.tlog
e:\decx_world\decx_dsp_cpu\x64\release\decx_dsp_cpu.tlog\masm.read.1u.tlog
e:\decx_world\decx_dsp_cpu\x64\release\decx_dsp_cpu.tlog\masm.write.1u.tlog
