Build started 2024/8/6 14:40:51.
Logging verbosity is set to: Normal.     1>Project "E:\DECX_world\DECX_DSP_CPU\DECX_dsp_CPU.vcxproj" on node 2 (Build target(s)).
     1>D:\Microsoft Visual Studio\Visual Studio\MSBuild\Microsoft\VC\v160\Microsoft.CppBuild.targets(499,5): warning MSB8004: Output Directory does not end with a trailing slash.  This build instance will add the slash as it is required to allow proper evaluation of the Output Directory.
     1>InitializeBuildStatus:
         Creating "x64\Release\DECX_DSP_CPU.tlog\unsuccessfulbuild" because "AlwaysCreate" was specified.
       _MASM:
       Skipping target "_MASM" because all output files are up-to-date with respect to the input files.
       ClCompile:
         D:\Microsoft Visual Studio\Visual Studio\VC\Tools\MSVC\14.29.30133\bin\HostX86\x64\CL.exe /c /Zi /nologo /W0 /WX- /diagnostics:column /sdl /MP /O2 /Oi /GL /D NDEBUG /D DECXDSPCPU_EXPORTS /D _WINDOWS /D _USRDLL /D _DECX_DSP_CPU_ /D _DECX_CPU_PARTS_ /D _SIMD_VER_=AVX256 /D _C_EXPORT_ENABLED_=1 /D _CPP_EXPORT_ENABLED_=1 /D __x86_64__ /D _WINDLL /D _UNICODE /D UNICODE /Gm- /EHsc /MD /GS /Gy /permissive- /Zc:wchar_t /Zc:forScope /Zc:inline /std:c++17 /Fo"x64\Release\\" /Fd"x64\Release\vc142.pdb" /external:W0 /Gd /TP /FC /errorReport:prompt ..\srcs\modules\DSP\convolution\CPU\2D\common\cpu_filter2D_planner.cxx
         cpu_filter2D_planner.cxx
       Link:
         D:\Microsoft Visual Studio\Visual Studio\VC\Tools\MSVC\14.29.30133\bin\HostX86\x64\link.exe /ERRORREPORT:PROMPT /OUT:"..\bin\x64\DECX_DSP_CPU.dll" /INCREMENTAL:NO /NOLOGO /LIBPATH:E:\DECX_world\bin\x64 DECX_core_CPU.lib DECX_BLAS_CPU.lib kernel32.lib user32.lib gdi32.lib winspool.lib comdlg32.lib advapi32.lib shell32.lib ole32.lib oleaut32.lib uuid.lib odbc32.lib odbccp32.lib /MANIFEST /MANIFESTUAC:NO /manifest:embed /PDB:"..\bin\x64\DECX_DSP_CPU.pdb" /SUBSYSTEM:WINDOWS /OPT:REF /OPT:ICF /LTCG:incremental /LTCGOUT:"x64\Release\DECX_DSP_CPU.iobj" /TLBID:1 /DYNAMICBASE /NXCOMPAT /IMPLIB:"..\bin\x64\DECX_DSP_CPU.lib" /MACHINE:X64 /DLL x64\Release\extend_constant.obj
         x64\Release\extend_constant_exec.obj
         x64\Release\extend_reflect.obj
         x64\Release\extend_reflect_exec.obj
         x64\Release\extend_reflect_exec_params.obj
         x64\Release\fragment_arangement.obj
         x64\Release\filter2D_64b_caller.obj
         x64\Release\filter2D_cplxf_kernels.obj
         x64\Release\filter2D_fp64_kernels.obj
         x64\Release\cpu_filter2D_planner.obj
         x64\Release\filter2D_fp32_caller.obj
         x64\Release\filter2D_fp32_kernels.obj
         x64\Release\Filter2D.obj
         x64\Release\CPU_FFT1D_planner.obj
         x64\Release\FFT1D_kernel_utils.obj
         x64\Release\FFT1D_cplxf32.obj
         x64\Release\FFT1D_R2_cplxf_kernels.obj
         x64\Release\FFT1D_R3_cplxf_kernels.obj
         x64\Release\FFT1D_R4_cplxf_kernels.obj
         x64\Release\FFT1D_R5_cplxf_kernels.obj
         x64\Release\kernel_callers_cplxf.obj
         x64\Release\FFT1D_cplxd64.obj
         x64\Release\FFT1D_R2_cplxd_kernels.obj
         x64\Release\FFT1D_R3_cplxd_kernels.obj
         x64\Release\FFT1D_R4_cplxd_kernels.obj
         x64\Release\FFT1D_R5_cplxd_kernels.obj
         x64\Release\kernel_callers_cplxd.obj
         x64\Release\CPU_FFT2D_planner.obj
         x64\Release\FFT2D_cplxf32.obj
         x64\Release\FFT2D_kernel_callers_cplxf.obj
         x64\Release\FFT2D_cplxd64.obj
         x64\Release\FFT2D_kernel_callers_cplxd.obj
         x64\Release\CPU_FFT3D_planner.obj
         x64\Release\FFT3D_cplxf32.obj
         x64\Release\FFT3D_kernel_callers_fp32.obj
         x64\Release\FFT3D_cplxd64.obj
         x64\Release\FFT3D_kernel_callers_fp64.obj
         x64\Release\FFT1D.obj
         x64\Release\FFT2D.obj
         x64\Release\FFT3D.obj
         x64\Release\CPU_FFT_tiles.obj
         x64\Release\W_table.obj
         x64\Release\low_pass.obj
         x64\Release\windows.obj
         x64\Release\distributions_exec.obj
         x64\Release\random.obj
         x64\Release\zeros.obj
         x64\Release\decx_trigonometric_x86_masm.obj
            Creating library ..\bin\x64\DECX_DSP_CPU.lib and object ..\bin\x64\DECX_DSP_CPU.exp
         Generating code
         5 of 4655 functions ( 0.1%) were compiled, the rest were copied from previous compilation.
           0 functions were new in current compilation
           1 functions had inline decision re-evaluated but remain unchanged
         Finished generating code
         DECX_dsp_CPU.vcxproj -> E:\DECX_world\bin\x64\DECX_DSP_CPU.dll
       FinalizeBuildStatus:
         Deleting file "x64\Release\DECX_DSP_CPU.tlog\unsuccessfulbuild".
         Touching "x64\Release\DECX_DSP_CPU.tlog\DECX_DSP_CPU.lastbuildstate".
     1>Done Building Project "E:\DECX_world\DECX_DSP_CPU\DECX_dsp_CPU.vcxproj" (Build target(s)).

Build succeeded.

       "E:\DECX_world\DECX_DSP_CPU\DECX_dsp_CPU.vcxproj" (Build target) (1) ->
       (PrepareForBuild target) -> 
         D:\Microsoft Visual Studio\Visual Studio\MSBuild\Microsoft\VC\v160\Microsoft.CppBuild.targets(499,5): warning MSB8004: Output Directory does not end with a trailing slash.  This build instance will add the slash as it is required to allow proper evaluation of the Output Directory.

    1 Warning(s)
    0 Error(s)

Time Elapsed 00:00:02.96
