D:\Microsoft Visual Studio\Visual Studio\MSBuild\Microsoft\VC\v160\Microsoft.CppBuild.targets(499,5): warning MSB8004: Output 目录未以斜杠结尾。  此生成实例将添加斜杠，因为必须有这个斜杠才能正确计算 Output 目录。
  
  E:\DECX_world\DECX_CV_CUDA>"D:\CUDA\Development\bin\nvcc.exe" -dlink -o x64\Release\DECX_CV_CUDA.device-link.obj -Xcompiler "/EHsc /W3 /nologo /O2 /Zi  /MD " -L../bin/x64 -LD:\CUDA\Development\lib\x64 cudart_static.lib kernel32.lib user32.lib gdi32.lib winspool.lib comdlg32.lib advapi32.lib shell32.lib ole32.lib oleaut32.lib uuid.lib odbc32.lib odbccp32.lib DECX_core_CUDA.lib DECX_core_CPU.lib  -gencode=arch=compute_75,code=sm_75 -gencode=arch=compute_30,code=sm_30  --machine 64 x64\Release\NLM.cu.obj 
  cudart_static.lib
  kernel32.lib
  user32.lib
  gdi32.lib
  winspool.lib
  comdlg32.lib
  advapi32.lib
  shell32.lib
  ole32.lib
  oleaut32.lib
  uuid.lib
  odbc32.lib
  odbccp32.lib
  DECX_core_CUDA.lib
  DECX_core_CPU.lib
  NLM.cu.obj
    正在创建库 ../bin/x64\DECX_CV_CUDA.lib 和对象 ../bin/x64\DECX_CV_CUDA.exp
  正在生成代码
  Incremental LTCG not supported for -Od component, build without incremental LTCG.
  已完成代码的生成
  DECX_CV_CUDA.vcxproj -> E:\DECX_world\bin\x64\DECX_CV_CUDA.dll
