e:\decx_world\decx_cv_cpu\x64\release\vc142.pdb
e:\decx_world\decx_cv_cpu\x64\release\cvt_colors.obj
e:\decx_world\decx_cv_cpu\x64\release\channel_ops.obj
e:\decx_world\decx_cv_cpu\x64\release\image_io.obj
e:\decx_world\decx_cv_cpu\x64\release\image_gui.obj
e:\decx_world\decx_cv_cpu\x64\release\gaussian_kernel.obj
e:\decx_world\decx_cv_cpu\x64\release\gaussian_filter_exec.obj
e:\decx_world\decx_cv_cpu\x64\release\gaussian_filter.obj
e:\decx_world\decx_cv_cpu\x64\release\exp_values_lut.obj
e:\decx_world\decx_cv_cpu\x64\release\bilateral_filter_exec.obj
e:\decx_world\decx_cv_cpu\x64\release\bilateral_filter.obj
e:\decx_world\decx_cv_cpu\x64\release\he.obj
e:\decx_world\decx_cv_cpu\x64\release\generate_hist.obj
e:\decx_world\decx_cv_cpu\x64\release\sobel_edg_det_ops.obj
e:\decx_world\decx_cv_cpu\x64\release\scharr_edg_det_ops.obj
e:\decx_world\decx_cv_cpu\x64\release\edge_detectors.obj
e:\decx_world\decx_cv_cpu\x64\release\canny_ed_post_proc.obj
e:\decx_world\decx_cv_cpu\x64\release\vevid.obj
e:\decx_world\decx_cv_cpu\x64\release\cmp_max_exec.obj
e:\decx_world\decx_cv_cpu\x64\release\maprange_exec.obj
e:\decx_world\bin\x64\decx_cv_cpu.lib
e:\decx_world\bin\x64\decx_cv_cpu.exp
e:\decx_world\bin\x64\decx_cv_cpu.dll
e:\decx_world\decx_cv_cpu\x64\release\decx_cv_cpu.ipdb
e:\decx_world\decx_cv_cpu\x64\release\decx_cv_cpu.iobj
e:\decx_world\decx_cv_cpu\x64\release\decx_cv_cpu.tlog\cl.command.1.tlog
e:\decx_world\decx_cv_cpu\x64\release\decx_cv_cpu.tlog\cl.read.1.tlog
e:\decx_world\decx_cv_cpu\x64\release\decx_cv_cpu.tlog\cl.write.1.tlog
e:\decx_world\decx_cv_cpu\x64\release\decx_cv_cpu.tlog\decx_cv_cpu.write.1u.tlog
e:\decx_world\decx_cv_cpu\x64\release\decx_cv_cpu.tlog\link.command.1.tlog
e:\decx_world\decx_cv_cpu\x64\release\decx_cv_cpu.tlog\link.delete.1.tlog
e:\decx_world\decx_cv_cpu\x64\release\decx_cv_cpu.tlog\link.read.1.tlog
e:\decx_world\decx_cv_cpu\x64\release\decx_cv_cpu.tlog\link.write.1.tlog
