D:\Microsoft Visual Studio\Visual Studio\MSBuild\Microsoft\VC\v160\Microsoft.CppBuild.targets(499,5): warning MSB8004: Output 目录未以斜杠结尾。  此生成实例将添加斜杠，因为必须有这个斜杠才能正确计算 Output 目录。
  generate_hist.cxx
E:\DECX_world\srcs\modules\core\utils\simd_fast_math_avx2.h(81,72): warning C4305: “参数”: 从“double”到“float”截断
E:\DECX_world\srcs\modules\core\utils\simd_fast_math_avx2.h(81,100): warning C4305: “参数”: 从“double”到“float”截断
E:\DECX_world\srcs\modules\core\utils\simd_fast_math_avx2.h(82,76): warning C4305: “参数”: 从“double”到“float”截断
E:\DECX_world\srcs\modules\core\utils\simd_fast_math_avx2.h(126,72): warning C4305: “参数”: 从“double”到“float”截断
E:\DECX_world\srcs\modules\core\utils\simd_fast_math_sse.h(81,66): warning C4305: “参数”: 从“double”到“float”截断
E:\DECX_world\srcs\modules\core\utils\simd_fast_math_sse.h(81,91): warning C4305: “参数”: 从“double”到“float”截断
E:\DECX_world\srcs\modules\core\utils\simd_fast_math_sse.h(82,70): warning C4305: “参数”: 从“double”到“float”截断
E:\DECX_world\srcs\modules\core\utils\simd_fast_math_sse.h(128,66): warning C4305: “参数”: 从“double”到“float”截断
E:\DECX_world\srcs\modules\core\thread_management\thread_arrange.h(40,35): warning C4018: “<”: 有符号/无符号不匹配
E:\DECX_world\srcs\modules\core\thread_management\thread_arrange.h(51,42): warning C4018: “<”: 有符号/无符号不匹配
E:\DECX_world\srcs\modules\core\thread_management\thread_arrange.h(85,35): warning C4018: “<”: 有符号/无符号不匹配
E:\DECX_world\srcs\modules\core\thread_management\thread_arrange.h(96,42): warning C4018: “<”: 有符号/无符号不匹配
E:\DECX_world\srcs\modules\cv\Enhancement\Histogram_Equalization\generate_hist.cxx(37,23): warning C4018: “<”: 有符号/无符号不匹配
E:\DECX_world\srcs\modules\cv\Enhancement\Histogram_Equalization\generate_hist.cxx(39,27): warning C4018: “<”: 有符号/无符号不匹配
  Image_GUI.cxx
E:\DECX_world\srcs\modules\core\utils\simd_fast_math_avx2.h(81,72): warning C4305: “参数”: 从“double”到“float”截断
E:\DECX_world\srcs\modules\core\utils\simd_fast_math_avx2.h(81,100): warning C4305: “参数”: 从“double”到“float”截断
E:\DECX_world\srcs\modules\core\utils\simd_fast_math_avx2.h(82,76): warning C4305: “参数”: 从“double”到“float”截断
E:\DECX_world\srcs\modules\core\utils\simd_fast_math_avx2.h(126,72): warning C4305: “参数”: 从“double”到“float”截断
E:\DECX_world\srcs\modules\core\utils\simd_fast_math_sse.h(81,66): warning C4305: “参数”: 从“double”到“float”截断
E:\DECX_world\srcs\modules\core\utils\simd_fast_math_sse.h(81,91): warning C4305: “参数”: 从“double”到“float”截断
E:\DECX_world\srcs\modules\core\utils\simd_fast_math_sse.h(82,70): warning C4305: “参数”: 从“double”到“float”截断
E:\DECX_world\srcs\modules\core\utils\simd_fast_math_sse.h(128,66): warning C4305: “参数”: 从“double”到“float”截断
E:\DECX_world\srcs\modules\classes\classes_util.h(237,2): warning C4091: “typedef ”: 没有声明变量时忽略“_16b”的左侧
E:\DECX_world\srcs\modules\BLAS\Vectorial\vector4.h(50,25): warning C4359: “decx::_Vector8f”: 对齐说明符小于实际对齐方式(32)，将被忽略。
E:\DECX_world\srcs\modules\classes\Matrix.h(142,30): warning C4251: “decx::_Matrix::_layout”: class“decx::_matrix_layout”需要有 dll 接口由 class“decx::_Matrix”的客户端使用
E:\DECX_world\srcs\modules\classes\Matrix.h(80): message : 参见“decx::_matrix_layout”的声明
E:\DECX_world\srcs\modules\classes\Matrix.h(155,29): warning C4251: “decx::_Matrix::Mat”: struct“decx::PtrInfo<void>”需要有 dll 接口由 class“decx::_Matrix”的客户端使用
E:\DECX_world\srcs\modules\classes\Matrix.h(155): message : 参见“decx::PtrInfo<void>”的声明
  Image_IO.cxx
E:\DECX_world\srcs\modules\core\utils\simd_fast_math_avx2.h(81,72): warning C4305: “参数”: 从“double”到“float”截断
E:\DECX_world\srcs\modules\core\utils\simd_fast_math_avx2.h(81,100): warning C4305: “参数”: 从“double”到“float”截断
E:\DECX_world\srcs\modules\core\utils\simd_fast_math_avx2.h(82,76): warning C4305: “参数”: 从“double”到“float”截断
E:\DECX_world\srcs\modules\core\utils\simd_fast_math_avx2.h(126,72): warning C4305: “参数”: 从“double”到“float”截断
E:\DECX_world\srcs\modules\core\utils\simd_fast_math_sse.h(81,66): warning C4305: “参数”: 从“double”到“float”截断
E:\DECX_world\srcs\modules\core\utils\simd_fast_math_sse.h(81,91): warning C4305: “参数”: 从“double”到“float”截断
E:\DECX_world\srcs\modules\core\utils\simd_fast_math_sse.h(82,70): warning C4305: “参数”: 从“double”到“float”截断
E:\DECX_world\srcs\modules\core\utils\simd_fast_math_sse.h(128,66): warning C4305: “参数”: 从“double”到“float”截断
E:\DECX_world\srcs\modules\classes\classes_util.h(237,2): warning C4091: “typedef ”: 没有声明变量时忽略“_16b”的左侧
E:\DECX_world\srcs\modules\BLAS\Vectorial\vector4.h(50,25): warning C4359: “decx::_Vector8f”: 对齐说明符小于实际对齐方式(32)，将被忽略。
E:\DECX_world\srcs\modules\classes\Matrix.h(142,30): warning C4251: “decx::_Matrix::_layout”: class“decx::_matrix_layout”需要有 dll 接口由 class“decx::_Matrix”的客户端使用
E:\DECX_world\srcs\modules\classes\Matrix.h(80): message : 参见“decx::_matrix_layout”的声明
E:\DECX_world\srcs\modules\classes\Matrix.h(155,29): warning C4251: “decx::_Matrix::Mat”: struct“decx::PtrInfo<void>”需要有 dll 接口由 class“decx::_Matrix”的客户端使用
E:\DECX_world\srcs\modules\classes\Matrix.h(155): message : 参见“decx::PtrInfo<void>”的声明
E:\DECX_world\srcs\modules\cv\Image_IO\Image_IO.cxx(23,23): warning C4018: “<”: 有符号/无符号不匹配
E:\DECX_world\srcs\modules\cv\Image_IO\Image_IO.cxx(26,27): warning C4018: “<”: 有符号/无符号不匹配
E:\DECX_world\srcs\modules\cv\Image_IO\Image_IO.cxx(45,23): warning C4018: “<”: 有符号/无符号不匹配
E:\DECX_world\srcs\modules\cv\Image_IO\Image_IO.cxx(48,27): warning C4018: “<”: 有符号/无符号不匹配
E:\DECX_world\srcs\modules\cv\Image_IO\Image_IO.cxx(66,23): warning C4018: “<”: 有符号/无符号不匹配
E:\DECX_world\srcs\modules\cv\Image_IO\Image_IO.cxx(69,27): warning C4018: “<”: 有符号/无符号不匹配
E:\DECX_world\srcs\modules\cv\Image_IO\Image_IO.cxx(90,23): warning C4018: “<”: 有符号/无符号不匹配
E:\DECX_world\srcs\modules\cv\Image_IO\Image_IO.cxx(93,27): warning C4018: “<”: 有符号/无符号不匹配
E:\DECX_world\srcs\modules\cv\Image_IO\Image_IO.cxx(110,23): warning C4018: “<”: 有符号/无符号不匹配
E:\DECX_world\srcs\modules\cv\Image_IO\Image_IO.cxx(113,27): warning C4018: “<”: 有符号/无符号不匹配
  Canny_ED_post_proc.cxx
E:\DECX_world\srcs\modules\core\utils\simd_fast_math_avx2.h(81,72): warning C4305: “参数”: 从“double”到“float”截断
E:\DECX_world\srcs\modules\core\utils\simd_fast_math_avx2.h(81,100): warning C4305: “参数”: 从“double”到“float”截断
E:\DECX_world\srcs\modules\core\utils\simd_fast_math_avx2.h(82,76): warning C4305: “参数”: 从“double”到“float”截断
E:\DECX_world\srcs\modules\core\utils\simd_fast_math_avx2.h(126,72): warning C4305: “参数”: 从“double”到“float”截断
E:\DECX_world\srcs\modules\core\utils\simd_fast_math_sse.h(81,66): warning C4305: “参数”: 从“double”到“float”截断
E:\DECX_world\srcs\modules\core\utils\simd_fast_math_sse.h(81,91): warning C4305: “参数”: 从“double”到“float”截断
E:\DECX_world\srcs\modules\core\utils\simd_fast_math_sse.h(82,70): warning C4305: “参数”: 从“double”到“float”截断
E:\DECX_world\srcs\modules\core\utils\simd_fast_math_sse.h(128,66): warning C4305: “参数”: 从“double”到“float”截断
E:\DECX_world\srcs\modules\cv\edge_detection\CPU\Canny_ED_post_proc.cxx(34,103): warning C4305: “参数”: 从“double”到“float”截断
E:\DECX_world\srcs\modules\cv\edge_detection\CPU\Canny_ED_post_proc.cxx(35,105): warning C4305: “参数”: 从“double”到“float”截断
E:\DECX_world\srcs\modules\cv\edge_detection\CPU\Canny_ED_post_proc.cxx(36,79): warning C4305: “参数”: 从“double”到“float”截断
E:\DECX_world\srcs\modules\cv\edge_detection\CPU\Canny_ED_post_proc.cxx(37,103): warning C4305: “参数”: 从“double”到“float”截断
E:\DECX_world\srcs\modules\cv\edge_detection\CPU\Canny_ED_post_proc.cxx(70,23): warning C4018: “<”: 有符号/无符号不匹配
E:\DECX_world\srcs\modules\cv\edge_detection\CPU\Canny_ED_post_proc.cxx(74,27): warning C4018: “<”: 有符号/无符号不匹配
E:\DECX_world\srcs\modules\cv\edge_detection\CPU\Canny_ED_post_proc.cxx(85,75): warning C4305: “参数”: 从“double”到“float”截断
E:\DECX_world\srcs\modules\cv\edge_detection\CPU\Canny_ED_post_proc.cxx(87,74): warning C4305: “参数”: 从“double”到“float”截断
E:\DECX_world\srcs\modules\cv\edge_detection\CPU\Canny_ED_post_proc.cxx(88,121): warning C4305: “参数”: 从“double”到“float”截断
E:\DECX_world\srcs\modules\cv\edge_detection\CPU\Canny_ED_post_proc.cxx(91,74): warning C4305: “参数”: 从“double”到“float”截断
E:\DECX_world\srcs\modules\cv\edge_detection\CPU\Canny_ED_post_proc.cxx(62,56): warning C4101: “reg1”: 未引用的局部变量
  Scharr_edg_det_ops.cxx
E:\DECX_world\srcs\modules\core\utils\simd_fast_math_avx2.h(81,72): warning C4305: “参数”: 从“double”到“float”截断
E:\DECX_world\srcs\modules\core\utils\simd_fast_math_avx2.h(81,100): warning C4305: “参数”: 从“double”到“float”截断
E:\DECX_world\srcs\modules\core\utils\simd_fast_math_avx2.h(82,76): warning C4305: “参数”: 从“double”到“float”截断
E:\DECX_world\srcs\modules\core\utils\simd_fast_math_avx2.h(126,72): warning C4305: “参数”: 从“double”到“float”截断
E:\DECX_world\srcs\modules\core\utils\simd_fast_math_sse.h(81,66): warning C4305: “参数”: 从“double”到“float”截断
E:\DECX_world\srcs\modules\core\utils\simd_fast_math_sse.h(81,91): warning C4305: “参数”: 从“double”到“float”截断
E:\DECX_world\srcs\modules\core\utils\simd_fast_math_sse.h(82,70): warning C4305: “参数”: 从“double”到“float”截断
E:\DECX_world\srcs\modules\core\utils\simd_fast_math_sse.h(128,66): warning C4305: “参数”: 从“double”到“float”截断
E:\DECX_world\srcs\modules\cv\edge_detection\CPU\Scharr_edg_det_ops.cxx(31,23): warning C4018: “<”: 有符号/无符号不匹配
E:\DECX_world\srcs\modules\cv\edge_detection\CPU\Scharr_edg_det_ops.cxx(36,27): warning C4018: “<”: 有符号/无符号不匹配
  Sobel_edg_det_ops.cxx
E:\DECX_world\srcs\modules\core\utils\simd_fast_math_avx2.h(81,72): warning C4305: “参数”: 从“double”到“float”截断
E:\DECX_world\srcs\modules\core\utils\simd_fast_math_avx2.h(81,100): warning C4305: “参数”: 从“double”到“float”截断
E:\DECX_world\srcs\modules\core\utils\simd_fast_math_avx2.h(82,76): warning C4305: “参数”: 从“double”到“float”截断
E:\DECX_world\srcs\modules\core\utils\simd_fast_math_avx2.h(126,72): warning C4305: “参数”: 从“double”到“float”截断
E:\DECX_world\srcs\modules\core\utils\simd_fast_math_sse.h(81,66): warning C4305: “参数”: 从“double”到“float”截断
E:\DECX_world\srcs\modules\core\utils\simd_fast_math_sse.h(81,91): warning C4305: “参数”: 从“double”到“float”截断
E:\DECX_world\srcs\modules\core\utils\simd_fast_math_sse.h(82,70): warning C4305: “参数”: 从“double”到“float”截断
E:\DECX_world\srcs\modules\core\utils\simd_fast_math_sse.h(128,66): warning C4305: “参数”: 从“double”到“float”截断
E:\DECX_world\srcs\modules\cv\edge_detection\CPU\Sobel_edg_det_ops.cxx(31,23): warning C4018: “<”: 有符号/无符号不匹配
E:\DECX_world\srcs\modules\cv\edge_detection\CPU\Sobel_edg_det_ops.cxx(36,27): warning C4018: “<”: 有符号/无符号不匹配
  edge_detectors.cxx
E:\DECX_world\srcs\modules\core\utils\simd_fast_math_avx2.h(81,72): warning C4305: “参数”: 从“double”到“float”截断
E:\DECX_world\srcs\modules\core\utils\simd_fast_math_avx2.h(81,100): warning C4305: “参数”: 从“double”到“float”截断
E:\DECX_world\srcs\modules\core\utils\simd_fast_math_avx2.h(82,76): warning C4305: “参数”: 从“double”到“float”截断
E:\DECX_world\srcs\modules\core\utils\simd_fast_math_avx2.h(126,72): warning C4305: “参数”: 从“double”到“float”截断
E:\DECX_world\srcs\modules\core\utils\simd_fast_math_sse.h(81,66): warning C4305: “参数”: 从“double”到“float”截断
E:\DECX_world\srcs\modules\core\utils\simd_fast_math_sse.h(81,91): warning C4305: “参数”: 从“double”到“float”截断
E:\DECX_world\srcs\modules\core\utils\simd_fast_math_sse.h(82,70): warning C4305: “参数”: 从“double”到“float”截断
E:\DECX_world\srcs\modules\core\utils\simd_fast_math_sse.h(128,66): warning C4305: “参数”: 从“double”到“float”截断
E:\DECX_world\srcs\modules\classes\classes_util.h(237,2): warning C4091: “typedef ”: 没有声明变量时忽略“_16b”的左侧
E:\DECX_world\srcs\modules\BLAS\Vectorial\vector4.h(50,25): warning C4359: “decx::_Vector8f”: 对齐说明符小于实际对齐方式(32)，将被忽略。
E:\DECX_world\srcs\modules\classes\Matrix.h(142,30): warning C4251: “decx::_Matrix::_layout”: class“decx::_matrix_layout”需要有 dll 接口由 class“decx::_Matrix”的客户端使用
E:\DECX_world\srcs\modules\classes\Matrix.h(80): message : 参见“decx::_matrix_layout”的声明
E:\DECX_world\srcs\modules\classes\Matrix.h(155,29): warning C4251: “decx::_Matrix::Mat”: struct“decx::PtrInfo<void>”需要有 dll 接口由 class“decx::_Matrix”的客户端使用
E:\DECX_world\srcs\modules\classes\Matrix.h(155): message : 参见“decx::PtrInfo<void>”的声明
E:\DECX_world\srcs\modules\core\thread_management\thread_arrange.h(40,35): warning C4018: “<”: 有符号/无符号不匹配
E:\DECX_world\srcs\modules\core\thread_management\thread_arrange.h(51,42): warning C4018: “<”: 有符号/无符号不匹配
E:\DECX_world\srcs\modules\core\thread_management\thread_arrange.h(85,35): warning C4018: “<”: 有符号/无符号不匹配
E:\DECX_world\srcs\modules\core\thread_management\thread_arrange.h(96,42): warning C4018: “<”: 有符号/无符号不匹配
E:\DECX_world\srcs\modules\cv\edge_detection\CPU\edge_detectors.cxx(64,82): warning C4244: “参数”: 从“uint64_t”转换到“const uint”，可能丢失数据
E:\DECX_world\srcs\modules\cv\edge_detection\CPU\edge_detectors.cxx(77,27): warning C4018: “<”: 有符号/无符号不匹配
E:\DECX_world\srcs\modules\cv\edge_detection\CPU\edge_detectors.cxx(105,27): warning C4018: “<”: 有符号/无符号不匹配
E:\DECX_world\srcs\modules\core\thread_management\thread_pool.h(117,1): warning C4267: “参数”: 从“size_t”转换到“const uint”，可能丢失数据
E:\DECX_world\srcs\modules\cv\edge_detection\CPU\edge_detectors.cxx(80): message : 查看对正在编译的函数 模板 实例化“std::future<void> decx::cpu::register_task_default<void(__cdecl *&)(const uint8_t *,float *,float *,uint32_t,uint32_t,uint,uint2),const uint8_t*&,float*&,float*&,const uint&,const uint&,uint32_t,uint2>(FuncType,const uint8_t *&,float *&,float *&,const uint &,const uint &,uint32_t &&,uint2 &&)”的引用
          with
          [
              FuncType=void (__cdecl *&)(const uint8_t *,float *,float *,uint32_t,uint32_t,uint,uint2)
          ]
  Gaussian_filter.cxx
E:\DECX_world\srcs\modules\core\utils\simd_fast_math_avx2.h(81,72): warning C4305: “参数”: 从“double”到“float”截断
E:\DECX_world\srcs\modules\core\utils\simd_fast_math_avx2.h(81,100): warning C4305: “参数”: 从“double”到“float”截断
E:\DECX_world\srcs\modules\core\utils\simd_fast_math_avx2.h(82,76): warning C4305: “参数”: 从“double”到“float”截断
E:\DECX_world\srcs\modules\core\utils\simd_fast_math_avx2.h(126,72): warning C4305: “参数”: 从“double”到“float”截断
E:\DECX_world\srcs\modules\core\utils\simd_fast_math_sse.h(81,66): warning C4305: “参数”: 从“double”到“float”截断
E:\DECX_world\srcs\modules\core\utils\simd_fast_math_sse.h(81,91): warning C4305: “参数”: 从“double”到“float”截断
E:\DECX_world\srcs\modules\core\utils\simd_fast_math_sse.h(82,70): warning C4305: “参数”: 从“double”到“float”截断
E:\DECX_world\srcs\modules\core\utils\simd_fast_math_sse.h(128,66): warning C4305: “参数”: 从“double”到“float”截断
E:\DECX_world\srcs\modules\core\thread_management\thread_arrange.h(40,35): warning C4018: “<”: 有符号/无符号不匹配
E:\DECX_world\srcs\modules\core\thread_management\thread_arrange.h(51,42): warning C4018: “<”: 有符号/无符号不匹配
E:\DECX_world\srcs\modules\core\thread_management\thread_arrange.h(85,35): warning C4018: “<”: 有符号/无符号不匹配
E:\DECX_world\srcs\modules\core\thread_management\thread_arrange.h(96,42): warning C4018: “<”: 有符号/无符号不匹配
E:\DECX_world\srcs\modules\DSP\convolution\CPU\sliding_window\uint8\conv2_uint8_K_loop_core.h(128,23): warning C4018: “<”: 有符号/无符号不匹配
E:\DECX_world\srcs\modules\DSP\convolution\CPU\sliding_window\uint8\conv2_uint8_K_loop_core.h(125,10): warning C4101: “k_value”: 未引用的局部变量
E:\DECX_world\srcs\modules\DSP\convolution\CPU\sliding_window\uint8\conv2_uint8_K_loop_core.h(193,23): warning C4018: “<”: 有符号/无符号不匹配
E:\DECX_world\srcs\modules\DSP\convolution\CPU\sliding_window\uint8\conv2_uint8_K_loop_core.h(190,10): warning C4101: “k_value”: 未引用的局部变量
E:\DECX_world\srcs\modules\DSP\convolution\CPU\sliding_window\uint8\conv2_uint8_K_loop_core.h(258,23): warning C4018: “<”: 有符号/无符号不匹配
E:\DECX_world\srcs\modules\DSP\convolution\CPU\sliding_window\uint8\conv2_uint8_K_loop_core.h(255,10): warning C4101: “k_value”: 未引用的局部变量
E:\DECX_world\srcs\modules\DSP\convolution\CPU\sliding_window\uint8\conv2_uint8_K_loop_core.h(322,23): warning C4018: “<”: 有符号/无符号不匹配
E:\DECX_world\srcs\modules\DSP\convolution\CPU\sliding_window\uint8\conv2_uint8_K_loop_core.h(319,10): warning C4101: “k_value”: 未引用的局部变量
E:\DECX_world\srcs\modules\classes\classes_util.h(237,2): warning C4091: “typedef ”: 没有声明变量时忽略“_16b”的左侧
E:\DECX_world\srcs\modules\BLAS\Vectorial\vector4.h(50,25): warning C4359: “decx::_Vector8f”: 对齐说明符小于实际对齐方式(32)，将被忽略。
E:\DECX_world\srcs\modules\classes\Matrix.h(142,30): warning C4251: “decx::_Matrix::_layout”: class“decx::_matrix_layout”需要有 dll 接口由 class“decx::_Matrix”的客户端使用
E:\DECX_world\srcs\modules\classes\Matrix.h(80): message : 参见“decx::_matrix_layout”的声明
E:\DECX_world\srcs\modules\classes\Matrix.h(155,29): warning C4251: “decx::_Matrix::Mat”: struct“decx::PtrInfo<void>”需要有 dll 接口由 class“decx::_Matrix”的客户端使用
E:\DECX_world\srcs\modules\classes\Matrix.h(155): message : 参见“decx::PtrInfo<void>”的声明
E:\DECX_world\srcs\modules\classes\Vector.h(104,29): warning C4251: “decx::_Vector::Vec”: struct“decx::PtrInfo<void>”需要有 dll 接口由 class“decx::_Vector”的客户端使用
E:\DECX_world\srcs\modules\classes\Matrix.h(155): message : 参见“decx::PtrInfo<void>”的声明
E:\DECX_world\srcs\modules\classes\MatrixArray.h(97,30): warning C4251: “decx::_MatrixArray::_layout”: class“decx::_matrix_layout”需要有 dll 接口由 class“decx::_MatrixArray”的客户端使用
E:\DECX_world\srcs\modules\classes\Matrix.h(80): message : 参见“decx::_matrix_layout”的声明
E:\DECX_world\srcs\modules\classes\MatrixArray.h(103,29): warning C4251: “decx::_MatrixArray::MatArr”: struct“decx::PtrInfo<void>”需要有 dll 接口由 class“decx::_MatrixArray”的客户端使用
E:\DECX_world\srcs\modules\classes\Matrix.h(155): message : 参见“decx::PtrInfo<void>”的声明
E:\DECX_world\srcs\modules\classes\MatrixArray.h(104,30): warning C4251: “decx::_MatrixArray::MatptrArr”: struct“decx::PtrInfo<void *>”需要有 dll 接口由 class“decx::_MatrixArray”的客户端使用
E:\DECX_world\srcs\modules\classes\MatrixArray.h(104): message : 参见“decx::PtrInfo<void *>”的声明
E:\DECX_world\srcs\modules\classes\Tensor.h(164,30): warning C4251: “decx::_Tensor::_layout”: class“decx::_tensor_layout”需要有 dll 接口由 class“decx::_Tensor”的客户端使用
E:\DECX_world\srcs\modules\classes\Tensor.h(73): message : 参见“decx::_tensor_layout”的声明
E:\DECX_world\srcs\modules\classes\Tensor.h(167,29): warning C4251: “decx::_Tensor::Tens”: struct“decx::PtrInfo<void>”需要有 dll 接口由 class“decx::_Tensor”的客户端使用
E:\DECX_world\srcs\modules\classes\Matrix.h(155): message : 参见“decx::PtrInfo<void>”的声明
E:\DECX_world\srcs\modules\classes\TensorArray.h(108,30): warning C4251: “decx::_TensorArray::_layout”: class“decx::_tensor_layout”需要有 dll 接口由 class“decx::_TensorArray”的客户端使用
E:\DECX_world\srcs\modules\classes\Tensor.h(73): message : 参见“decx::_tensor_layout”的声明
E:\DECX_world\srcs\modules\classes\TensorArray.h(119,29): warning C4251: “decx::_TensorArray::TensArr”: struct“decx::PtrInfo<void>”需要有 dll 接口由 class“decx::_TensorArray”的客户端使用
E:\DECX_world\srcs\modules\classes\Matrix.h(155): message : 参见“decx::PtrInfo<void>”的声明
E:\DECX_world\srcs\modules\classes\TensorArray.h(121,30): warning C4251: “decx::_TensorArray::TensptrArr”: struct“decx::PtrInfo<void *>”需要有 dll 接口由 class“decx::_TensorArray”的客户端使用
E:\DECX_world\srcs\modules\classes\MatrixArray.h(104): message : 参见“decx::PtrInfo<void *>”的声明
E:\DECX_world\srcs\modules\cv\filters\CPU\Gaussian_filter.h(230,92): warning C4244: “参数”: 从“const uint”转换到“const float”，可能丢失数据
E:\DECX_world\srcs\modules\cv\filters\CPU\Gaussian_filter.cxx(34): message : 查看对正在编译的函数 模板 实例化“void decx::vis::_Gaussian_filter_uint8_organisor<true>(decx::_Matrix *,decx::_Matrix *,const uint2,const float2,const uint2,de::DH *,const bool,const int)”的引用
E:\DECX_world\srcs\modules\cv\filters\CPU\Gaussian_filter.h(231,92): warning C4244: “参数”: 从“const uint”转换到“const float”，可能丢失数据
E:\DECX_world\srcs\modules\cv\filters\CPU\Gaussian_filter.h(453,92): warning C4244: “参数”: 从“const uint”转换到“const float”，可能丢失数据
E:\DECX_world\srcs\modules\cv\filters\CPU\Gaussian_filter.cxx(39): message : 查看对正在编译的函数 模板 实例化“void decx::vis::_Gaussian_filter_uchar4_organisor<true>(decx::_Matrix *,decx::_Matrix *,const uint2,const float2,const uint2,de::DH *,const bool,const int)”的引用
E:\DECX_world\srcs\modules\cv\filters\CPU\Gaussian_filter.h(454,92): warning C4244: “参数”: 从“const uint”转换到“const float”，可能丢失数据
E:\DECX_world\srcs\modules\cv\filters\CPU\Gaussian_filter.h(458,16): warning C4101: “e”: 未引用的局部变量
E:\DECX_world\srcs\modules\cv\filters\CPU\Gaussian_filter.h(458,13): warning C4101: “s”: 未引用的局部变量
E:\DECX_world\srcs\modules\BLAS\basic_process\rect_and_cube\CPU\rect_copy2D_exec.h(108,27): warning C4018: “<”: 有符号/无符号不匹配
E:\DECX_world\srcs\modules\cv\filters\CPU\Gaussian_filter.h(118): message : 查看对正在编译的函数 模板 实例化“void decx::_cpy2D_anybit_caller<uint8_t>(_T_ele *,_T_ele *,const uint,const uint,const uint2)”的引用
          with
          [
              _T_ele=uint8_t
          ]
E:\DECX_world\srcs\modules\cv\filters\CPU\Gaussian_filter.h(244): message : 查看对正在编译的函数 模板 实例化“void decx::vis::_gaussian_uint8_BC_zero<true>(decx::_Matrix *,decx::vis::gaussian_kernel1D *,decx::vis::gaussian_kernel1D *,decx::_Matrix *,de::DH *)”的引用
E:\DECX_world\srcs\modules\cv\filters\CPU\Gaussian_filter.cxx(34): message : 查看对正在编译的函数 模板 实例化“void decx::vis::_Gaussian_filter_uint8_organisor<true>(decx::_Matrix *,decx::_Matrix *,const uint2,const float2,const uint2,de::DH *,const bool,const int)”的引用
E:\DECX_world\srcs\modules\BLAS\basic_process\rect_and_cube\CPU\rect_copy2D_exec.h(120,27): warning C4018: “<”: 有符号/无符号不匹配
E:\DECX_world\srcs\modules\BLAS\basic_process\rect_and_cube\CPU\rect_copy2D_exec.h(129,23): warning C4018: “<”: 有符号/无符号不匹配
E:\DECX_world\srcs\modules\BLAS\basic_process\rect_and_cube\CPU\rect_copy2D_exec.h(89,23): warning C4018: “<”: 有符号/无符号不匹配
E:\DECX_world\srcs\modules\BLAS\basic_process\rect_and_cube\CPU\rect_copy2D_exec.h(110): message : 查看对正在编译的函数 模板 实例化“void decx::_cpy2D_plane<_T_ele>(const T *__restrict ,T *__restrict ,const uint,const uint,const uint2)”的引用
          with
          [
              _T_ele=uint8_t,
              T=uint8_t
          ]
E:\DECX_world\srcs\modules\cv\filters\CPU\Gaussian_filter.h(118): message : 查看对正在编译的函数 模板 实例化“void decx::_cpy2D_anybit_caller<uint8_t>(_T_ele *,_T_ele *,const uint,const uint,const uint2)”的引用
          with
          [
              _T_ele=uint8_t
          ]
E:\DECX_world\srcs\modules\core\thread_management\thread_pool.h(117,1): warning C4267: “参数”: 从“size_t”转换到“const uint”，可能丢失数据
E:\DECX_world\srcs\modules\BLAS\basic_process\rect_and_cube\CPU\rect_copy2D_exec.h(110): message : 查看对正在编译的函数 模板 实例化“std::future<void> decx::cpu::register_task_default<void(__cdecl &)(const T *__restrict ,T *__restrict ,uint,uint,uint2),_T_ele*&,_T_ele*&,const uint&,const uint&,uint2>(FuncType,_T_ele *&,_T_ele *&,const uint &,const uint &,uint2 &&)”的引用
          with
          [
              T=uint8_t,
              _T_ele=uint8_t,
              FuncType=void (__cdecl &)(const uint8_t *__restrict ,uint8_t *__restrict ,uint,uint,uint2)
          ]
  Gaussian_filter_exec.cxx
E:\DECX_world\srcs\modules\core\utils\simd_fast_math_avx2.h(81,72): warning C4305: “参数”: 从“double”到“float”截断
E:\DECX_world\srcs\modules\core\utils\simd_fast_math_avx2.h(81,100): warning C4305: “参数”: 从“double”到“float”截断
E:\DECX_world\srcs\modules\core\utils\simd_fast_math_avx2.h(82,76): warning C4305: “参数”: 从“double”到“float”截断
E:\DECX_world\srcs\modules\core\utils\simd_fast_math_avx2.h(126,72): warning C4305: “参数”: 从“double”到“float”截断
E:\DECX_world\srcs\modules\core\utils\simd_fast_math_sse.h(81,66): warning C4305: “参数”: 从“double”到“float”截断
E:\DECX_world\srcs\modules\core\utils\simd_fast_math_sse.h(81,91): warning C4305: “参数”: 从“double”到“float”截断
E:\DECX_world\srcs\modules\core\utils\simd_fast_math_sse.h(82,70): warning C4305: “参数”: 从“double”到“float”截断
E:\DECX_world\srcs\modules\core\utils\simd_fast_math_sse.h(128,66): warning C4305: “参数”: 从“double”到“float”截断
E:\DECX_world\srcs\modules\core\thread_management\thread_arrange.h(40,35): warning C4018: “<”: 有符号/无符号不匹配
E:\DECX_world\srcs\modules\core\thread_management\thread_arrange.h(51,42): warning C4018: “<”: 有符号/无符号不匹配
E:\DECX_world\srcs\modules\core\thread_management\thread_arrange.h(85,35): warning C4018: “<”: 有符号/无符号不匹配
E:\DECX_world\srcs\modules\core\thread_management\thread_arrange.h(96,42): warning C4018: “<”: 有符号/无符号不匹配
E:\DECX_world\srcs\modules\DSP\convolution\CPU\sliding_window\uint8\conv2_uint8_K_loop_core.h(128,23): warning C4018: “<”: 有符号/无符号不匹配
E:\DECX_world\srcs\modules\DSP\convolution\CPU\sliding_window\uint8\conv2_uint8_K_loop_core.h(125,10): warning C4101: “k_value”: 未引用的局部变量
E:\DECX_world\srcs\modules\DSP\convolution\CPU\sliding_window\uint8\conv2_uint8_K_loop_core.h(193,23): warning C4018: “<”: 有符号/无符号不匹配
E:\DECX_world\srcs\modules\DSP\convolution\CPU\sliding_window\uint8\conv2_uint8_K_loop_core.h(190,10): warning C4101: “k_value”: 未引用的局部变量
E:\DECX_world\srcs\modules\DSP\convolution\CPU\sliding_window\uint8\conv2_uint8_K_loop_core.h(258,23): warning C4018: “<”: 有符号/无符号不匹配
E:\DECX_world\srcs\modules\DSP\convolution\CPU\sliding_window\uint8\conv2_uint8_K_loop_core.h(255,10): warning C4101: “k_value”: 未引用的局部变量
E:\DECX_world\srcs\modules\DSP\convolution\CPU\sliding_window\uint8\conv2_uint8_K_loop_core.h(322,23): warning C4018: “<”: 有符号/无符号不匹配
E:\DECX_world\srcs\modules\DSP\convolution\CPU\sliding_window\uint8\conv2_uint8_K_loop_core.h(319,10): warning C4101: “k_value”: 未引用的局部变量
E:\DECX_world\srcs\modules\cv\filters\CPU\Gaussian_filter_exec.cxx(53,10): warning C4101: “k_value”: 未引用的局部变量
E:\DECX_world\srcs\modules\cv\filters\CPU\Gaussian_filter_exec.cxx(115,10): warning C4101: “k_value”: 未引用的局部变量
E:\DECX_world\srcs\modules\cv\filters\CPU\Gaussian_filter_exec.cxx(251,23): warning C4018: “<”: 有符号/无符号不匹配
E:\DECX_world\srcs\modules\cv\filters\CPU\Gaussian_filter_exec.cxx(255,27): warning C4018: “<”: 有符号/无符号不匹配
E:\DECX_world\srcs\modules\cv\filters\CPU\Gaussian_filter_exec.cxx(249,19): warning C4101: “_iv2”: 未引用的局部变量
E:\DECX_world\srcs\modules\cv\filters\CPU\Gaussian_filter_exec.cxx(249,13): warning C4101: “_iv1”: 未引用的局部变量
E:\DECX_world\srcs\modules\cv\filters\CPU\Gaussian_filter_exec.cxx(280,23): warning C4018: “<”: 有符号/无符号不匹配
E:\DECX_world\srcs\modules\cv\filters\CPU\Gaussian_filter_exec.cxx(284,27): warning C4018: “<”: 有符号/无符号不匹配
E:\DECX_world\srcs\modules\cv\filters\CPU\Gaussian_filter_exec.cxx(278,19): warning C4101: “_iv2”: 未引用的局部变量
E:\DECX_world\srcs\modules\cv\filters\CPU\Gaussian_filter_exec.cxx(278,13): warning C4101: “_iv1”: 未引用的局部变量
E:\DECX_world\srcs\modules\cv\filters\CPU\Gaussian_filter_exec.cxx(314,23): warning C4018: “<”: 有符号/无符号不匹配
E:\DECX_world\srcs\modules\cv\filters\CPU\Gaussian_filter_exec.cxx(347,23): warning C4018: “<”: 有符号/无符号不匹配
E:\DECX_world\srcs\modules\cv\filters\CPU\Gaussian_filter_exec.cxx(377,23): warning C4018: “<”: 有符号/无符号不匹配
E:\DECX_world\srcs\modules\core\thread_management\thread_pool.h(117,1): warning C4267: “参数”: 从“size_t”转换到“const uint”，可能丢失数据
E:\DECX_world\srcs\modules\cv\filters\CPU\Gaussian_filter_exec.cxx(317): message : 查看对正在编译的函数 模板 实例化“std::future<void> decx::cpu::register_task_default<void(__cdecl &)(const double *,const float *,float *,uint2,uint32_t,uint,uint,ushort,uint),const double*&,const float*&,float*&,uint2,const uint32_t&,const uint&,const uint&,const ushort&,const uint&>(FuncType,const double *&,const float *&,float *&,uint2 &&,const uint32_t &,const uint &,const uint &,const ushort &,const uint &)”的引用
          with
          [
              FuncType=void (__cdecl &)(const double *,const float *,float *,uint2,uint32_t,uint,uint,ushort,uint)
          ]
  Gaussian_kernel.cxx
E:\DECX_world\srcs\modules\core\utils\simd_fast_math_avx2.h(81,72): warning C4305: “参数”: 从“double”到“float”截断
E:\DECX_world\srcs\modules\core\utils\simd_fast_math_avx2.h(81,100): warning C4305: “参数”: 从“double”到“float”截断
E:\DECX_world\srcs\modules\core\utils\simd_fast_math_avx2.h(82,76): warning C4305: “参数”: 从“double”到“float”截断
E:\DECX_world\srcs\modules\core\utils\simd_fast_math_avx2.h(126,72): warning C4305: “参数”: 从“double”到“float”截断
E:\DECX_world\srcs\modules\core\utils\simd_fast_math_sse.h(81,66): warning C4305: “参数”: 从“double”到“float”截断
E:\DECX_world\srcs\modules\core\utils\simd_fast_math_sse.h(81,91): warning C4305: “参数”: 从“double”到“float”截断
E:\DECX_world\srcs\modules\core\utils\simd_fast_math_sse.h(82,70): warning C4305: “参数”: 从“double”到“float”截断
E:\DECX_world\srcs\modules\core\utils\simd_fast_math_sse.h(128,66): warning C4305: “参数”: 从“double”到“float”截断
E:\DECX_world\srcs\modules\classes\classes_util.h(237,2): warning C4091: “typedef ”: 没有声明变量时忽略“_16b”的左侧
E:\DECX_world\srcs\modules\BLAS\Vectorial\vector4.h(50,25): warning C4359: “decx::_Vector8f”: 对齐说明符小于实际对齐方式(32)，将被忽略。
E:\DECX_world\srcs\modules\classes\Matrix.h(142,30): warning C4251: “decx::_Matrix::_layout”: class“decx::_matrix_layout”需要有 dll 接口由 class“decx::_Matrix”的客户端使用
E:\DECX_world\srcs\modules\classes\Matrix.h(80): message : 参见“decx::_matrix_layout”的声明
E:\DECX_world\srcs\modules\classes\Matrix.h(155,29): warning C4251: “decx::_Matrix::Mat”: struct“decx::PtrInfo<void>”需要有 dll 接口由 class“decx::_Matrix”的客户端使用
E:\DECX_world\srcs\modules\classes\Matrix.h(155): message : 参见“decx::PtrInfo<void>”的声明
E:\DECX_world\srcs\modules\cv\filters\CPU\Gaussian_kernel.cxx(19,34): warning C4244: “=”: 从“uint32_t”转换到“float”，可能丢失数据
E:\DECX_world\srcs\modules\cv\filters\CPU\Gaussian_kernel.cxx(40,34): warning C4244: “=”: 从“uint32_t”转换到“float”，可能丢失数据
E:\DECX_world\srcs\modules\cv\filters\CPU\Gaussian_kernel.cxx(56,23): warning C4018: “<”: 有符号/无符号不匹配
E:\DECX_world\srcs\modules\cv\filters\CPU\Gaussian_kernel.cxx(62,23): warning C4018: “<”: 有符号/无符号不匹配
  bilateral_filter.cxx
E:\DECX_world\srcs\modules\core\utils\simd_fast_math_avx2.h(81,72): warning C4305: “参数”: 从“double”到“float”截断
E:\DECX_world\srcs\modules\core\utils\simd_fast_math_avx2.h(81,100): warning C4305: “参数”: 从“double”到“float”截断
E:\DECX_world\srcs\modules\core\utils\simd_fast_math_avx2.h(82,76): warning C4305: “参数”: 从“double”到“float”截断
E:\DECX_world\srcs\modules\core\utils\simd_fast_math_avx2.h(126,72): warning C4305: “参数”: 从“double”到“float”截断
E:\DECX_world\srcs\modules\core\utils\simd_fast_math_sse.h(81,66): warning C4305: “参数”: 从“double”到“float”截断
E:\DECX_world\srcs\modules\core\utils\simd_fast_math_sse.h(81,91): warning C4305: “参数”: 从“double”到“float”截断
E:\DECX_world\srcs\modules\core\utils\simd_fast_math_sse.h(82,70): warning C4305: “参数”: 从“double”到“float”截断
E:\DECX_world\srcs\modules\core\utils\simd_fast_math_sse.h(128,66): warning C4305: “参数”: 从“double”到“float”截断
E:\DECX_world\srcs\modules\core\thread_management\thread_arrange.h(40,35): warning C4018: “<”: 有符号/无符号不匹配
E:\DECX_world\srcs\modules\core\thread_management\thread_arrange.h(51,42): warning C4018: “<”: 有符号/无符号不匹配
E:\DECX_world\srcs\modules\core\thread_management\thread_arrange.h(85,35): warning C4018: “<”: 有符号/无符号不匹配
E:\DECX_world\srcs\modules\core\thread_management\thread_arrange.h(96,42): warning C4018: “<”: 有符号/无符号不匹配
E:\DECX_world\srcs\modules\DSP\convolution\CPU\sliding_window\uint8\conv2_uint8_K_loop_core.h(128,23): warning C4018: “<”: 有符号/无符号不匹配
E:\DECX_world\srcs\modules\DSP\convolution\CPU\sliding_window\uint8\conv2_uint8_K_loop_core.h(125,10): warning C4101: “k_value”: 未引用的局部变量
E:\DECX_world\srcs\modules\DSP\convolution\CPU\sliding_window\uint8\conv2_uint8_K_loop_core.h(193,23): warning C4018: “<”: 有符号/无符号不匹配
E:\DECX_world\srcs\modules\DSP\convolution\CPU\sliding_window\uint8\conv2_uint8_K_loop_core.h(190,10): warning C4101: “k_value”: 未引用的局部变量
E:\DECX_world\srcs\modules\DSP\convolution\CPU\sliding_window\uint8\conv2_uint8_K_loop_core.h(258,23): warning C4018: “<”: 有符号/无符号不匹配
E:\DECX_world\srcs\modules\DSP\convolution\CPU\sliding_window\uint8\conv2_uint8_K_loop_core.h(255,10): warning C4101: “k_value”: 未引用的局部变量
E:\DECX_world\srcs\modules\DSP\convolution\CPU\sliding_window\uint8\conv2_uint8_K_loop_core.h(322,23): warning C4018: “<”: 有符号/无符号不匹配
E:\DECX_world\srcs\modules\DSP\convolution\CPU\sliding_window\uint8\conv2_uint8_K_loop_core.h(319,10): warning C4101: “k_value”: 未引用的局部变量
E:\DECX_world\srcs\modules\classes\classes_util.h(237,2): warning C4091: “typedef ”: 没有声明变量时忽略“_16b”的左侧
E:\DECX_world\srcs\modules\BLAS\Vectorial\vector4.h(50,25): warning C4359: “decx::_Vector8f”: 对齐说明符小于实际对齐方式(32)，将被忽略。
E:\DECX_world\srcs\modules\classes\Matrix.h(142,30): warning C4251: “decx::_Matrix::_layout”: class“decx::_matrix_layout”需要有 dll 接口由 class“decx::_Matrix”的客户端使用
E:\DECX_world\srcs\modules\classes\Matrix.h(80): message : 参见“decx::_matrix_layout”的声明
E:\DECX_world\srcs\modules\classes\Matrix.h(155,29): warning C4251: “decx::_Matrix::Mat”: struct“decx::PtrInfo<void>”需要有 dll 接口由 class“decx::_Matrix”的客户端使用
E:\DECX_world\srcs\modules\classes\Matrix.h(155): message : 参见“decx::PtrInfo<void>”的声明
E:\DECX_world\srcs\modules\classes\MatrixArray.h(97,30): warning C4251: “decx::_MatrixArray::_layout”: class“decx::_matrix_layout”需要有 dll 接口由 class“decx::_MatrixArray”的客户端使用
E:\DECX_world\srcs\modules\classes\Matrix.h(80): message : 参见“decx::_matrix_layout”的声明
E:\DECX_world\srcs\modules\classes\MatrixArray.h(103,29): warning C4251: “decx::_MatrixArray::MatArr”: struct“decx::PtrInfo<void>”需要有 dll 接口由 class“decx::_MatrixArray”的客户端使用
E:\DECX_world\srcs\modules\classes\Matrix.h(155): message : 参见“decx::PtrInfo<void>”的声明
E:\DECX_world\srcs\modules\classes\MatrixArray.h(104,30): warning C4251: “decx::_MatrixArray::MatptrArr”: struct“decx::PtrInfo<void *>”需要有 dll 接口由 class“decx::_MatrixArray”的客户端使用
E:\DECX_world\srcs\modules\classes\MatrixArray.h(104): message : 参见“decx::PtrInfo<void *>”的声明
E:\DECX_world\srcs\modules\classes\Tensor.h(164,30): warning C4251: “decx::_Tensor::_layout”: class“decx::_tensor_layout”需要有 dll 接口由 class“decx::_Tensor”的客户端使用
E:\DECX_world\srcs\modules\classes\Tensor.h(73): message : 参见“decx::_tensor_layout”的声明
E:\DECX_world\srcs\modules\classes\Tensor.h(167,29): warning C4251: “decx::_Tensor::Tens”: struct“decx::PtrInfo<void>”需要有 dll 接口由 class“decx::_Tensor”的客户端使用
E:\DECX_world\srcs\modules\classes\Matrix.h(155): message : 参见“decx::PtrInfo<void>”的声明
E:\DECX_world\srcs\modules\classes\TensorArray.h(108,30): warning C4251: “decx::_TensorArray::_layout”: class“decx::_tensor_layout”需要有 dll 接口由 class“decx::_TensorArray”的客户端使用
E:\DECX_world\srcs\modules\classes\Tensor.h(73): message : 参见“decx::_tensor_layout”的声明
E:\DECX_world\srcs\modules\classes\TensorArray.h(119,29): warning C4251: “decx::_TensorArray::TensArr”: struct“decx::PtrInfo<void>”需要有 dll 接口由 class“decx::_TensorArray”的客户端使用
E:\DECX_world\srcs\modules\classes\Matrix.h(155): message : 参见“decx::PtrInfo<void>”的声明
E:\DECX_world\srcs\modules\classes\TensorArray.h(121,30): warning C4251: “decx::_TensorArray::TensptrArr”: struct“decx::PtrInfo<void *>”需要有 dll 接口由 class“decx::_TensorArray”的客户端使用
E:\DECX_world\srcs\modules\classes\MatrixArray.h(104): message : 参见“decx::PtrInfo<void *>”的声明
E:\DECX_world\srcs\modules\classes\Vector.h(104,29): warning C4251: “decx::_Vector::Vec”: struct“decx::PtrInfo<void>”需要有 dll 接口由 class“decx::_Vector”的客户端使用
E:\DECX_world\srcs\modules\classes\Matrix.h(155): message : 参见“decx::PtrInfo<void>”的声明
E:\DECX_world\srcs\modules\cv\filters\CPU\bilateral_filter.h(79,23): warning C4018: “<”: 有符号/无符号不匹配
E:\DECX_world\srcs\modules\cv\filters\CPU\bilateral_filter.h(195): message : 查看对正在编译的函数 模板 实例化“void decx::vis::_bilateral_uint8_organiser<true>(const double *,double *,const float2,const uint2,const uint2,const uint,const uint,decx::utils::_thr_1D *,decx::utils::frag_manager *,de::DH *)”的引用
E:\DECX_world\srcs\modules\cv\filters\CPU\bilateral_filter.cxx(36): message : 查看对正在编译的函数 模板 实例化“void decx::vis::_bilateral_uint8_NB<true>(decx::_Matrix *,decx::_Matrix *,const uint2,const float2,de::DH *)”的引用
E:\DECX_world\srcs\modules\BLAS\basic_process\rect_and_cube\CPU\rect_copy2D_exec.h(108,27): warning C4018: “<”: 有符号/无符号不匹配
E:\DECX_world\srcs\modules\cv\filters\CPU\bilateral_filter.h(243): message : 查看对正在编译的函数 模板 实例化“void decx::_cpy2D_anybit_caller<uint8_t>(_T_ele *,_T_ele *,const uint,const uint,const uint2)”的引用
          with
          [
              _T_ele=uint8_t
          ]
E:\DECX_world\srcs\modules\cv\filters\CPU\bilateral_filter.cxx(41): message : 查看对正在编译的函数 模板 实例化“void decx::vis::_bilateral_uint8_BC<true>(decx::_Matrix *,decx::_Matrix *,const uint2,const float2,de::DH *,const int)”的引用
E:\DECX_world\srcs\modules\BLAS\basic_process\rect_and_cube\CPU\rect_copy2D_exec.h(120,27): warning C4018: “<”: 有符号/无符号不匹配
E:\DECX_world\srcs\modules\BLAS\basic_process\rect_and_cube\CPU\rect_copy2D_exec.h(129,23): warning C4018: “<”: 有符号/无符号不匹配
E:\DECX_world\srcs\modules\cv\filters\CPU\bilateral_filter.h(129,23): warning C4018: “<”: 有符号/无符号不匹配
E:\DECX_world\srcs\modules\cv\filters\CPU\bilateral_filter.h(218): message : 查看对正在编译的函数 模板 实例化“void decx::vis::_bilateral_uchar4_organiser<true>(const float *,float *,const float2,const uint2,const uint2,const uint,const uint,decx::utils::_thr_1D *,decx::utils::frag_manager *,de::DH *)”的引用
E:\DECX_world\srcs\modules\cv\filters\CPU\bilateral_filter.cxx(50): message : 查看对正在编译的函数 模板 实例化“void decx::vis::_bilateral_uchar4_NB<true>(decx::_Matrix *,decx::_Matrix *,const uint2,const float2,de::DH *)”的引用
E:\DECX_world\srcs\modules\BLAS\basic_process\rect_and_cube\CPU\rect_copy2D_exec.h(89,23): warning C4018: “<”: 有符号/无符号不匹配
E:\DECX_world\srcs\modules\BLAS\basic_process\rect_and_cube\CPU\rect_copy2D_exec.h(110): message : 查看对正在编译的函数 模板 实例化“void decx::_cpy2D_plane<_T_ele>(const T *__restrict ,T *__restrict ,const uint,const uint,const uint2)”的引用
          with
          [
              _T_ele=uint8_t,
              T=uint8_t
          ]
E:\DECX_world\srcs\modules\cv\filters\CPU\bilateral_filter.h(243): message : 查看对正在编译的函数 模板 实例化“void decx::_cpy2D_anybit_caller<uint8_t>(_T_ele *,_T_ele *,const uint,const uint,const uint2)”的引用
          with
          [
              _T_ele=uint8_t
          ]
E:\DECX_world\srcs\modules\core\thread_management\thread_pool.h(117,1): warning C4267: “参数”: 从“size_t”转换到“const uint”，可能丢失数据
E:\DECX_world\srcs\modules\BLAS\basic_process\rect_and_cube\CPU\rect_copy2D_exec.h(110): message : 查看对正在编译的函数 模板 实例化“std::future<void> decx::cpu::register_task_default<void(__cdecl &)(const T *__restrict ,T *__restrict ,uint,uint,uint2),_T_ele*&,_T_ele*&,const uint&,const uint&,uint2>(FuncType,_T_ele *&,_T_ele *&,const uint &,const uint &,uint2 &&)”的引用
          with
          [
              T=uint8_t,
              _T_ele=uint8_t,
              FuncType=void (__cdecl &)(const uint8_t *__restrict ,uint8_t *__restrict ,uint,uint,uint2)
          ]
  bilateral_filter_exec.cxx
E:\DECX_world\srcs\modules\core\utils\simd_fast_math_avx2.h(81,72): warning C4305: “参数”: 从“double”到“float”截断
E:\DECX_world\srcs\modules\core\utils\simd_fast_math_avx2.h(81,100): warning C4305: “参数”: 从“double”到“float”截断
E:\DECX_world\srcs\modules\core\utils\simd_fast_math_avx2.h(82,76): warning C4305: “参数”: 从“double”到“float”截断
E:\DECX_world\srcs\modules\core\utils\simd_fast_math_avx2.h(126,72): warning C4305: “参数”: 从“double”到“float”截断
E:\DECX_world\srcs\modules\core\utils\simd_fast_math_sse.h(81,66): warning C4305: “参数”: 从“double”到“float”截断
E:\DECX_world\srcs\modules\core\utils\simd_fast_math_sse.h(81,91): warning C4305: “参数”: 从“double”到“float”截断
E:\DECX_world\srcs\modules\core\utils\simd_fast_math_sse.h(82,70): warning C4305: “参数”: 从“double”到“float”截断
E:\DECX_world\srcs\modules\core\utils\simd_fast_math_sse.h(128,66): warning C4305: “参数”: 从“double”到“float”截断
E:\DECX_world\srcs\modules\core\thread_management\thread_arrange.h(40,35): warning C4018: “<”: 有符号/无符号不匹配
E:\DECX_world\srcs\modules\core\thread_management\thread_arrange.h(51,42): warning C4018: “<”: 有符号/无符号不匹配
E:\DECX_world\srcs\modules\core\thread_management\thread_arrange.h(85,35): warning C4018: “<”: 有符号/无符号不匹配
E:\DECX_world\srcs\modules\core\thread_management\thread_arrange.h(96,42): warning C4018: “<”: 有符号/无符号不匹配
E:\DECX_world\srcs\modules\DSP\convolution\CPU\sliding_window\uint8\conv2_uint8_K_loop_core.h(128,23): warning C4018: “<”: 有符号/无符号不匹配
E:\DECX_world\srcs\modules\DSP\convolution\CPU\sliding_window\uint8\conv2_uint8_K_loop_core.h(125,10): warning C4101: “k_value”: 未引用的局部变量
E:\DECX_world\srcs\modules\DSP\convolution\CPU\sliding_window\uint8\conv2_uint8_K_loop_core.h(193,23): warning C4018: “<”: 有符号/无符号不匹配
E:\DECX_world\srcs\modules\DSP\convolution\CPU\sliding_window\uint8\conv2_uint8_K_loop_core.h(190,10): warning C4101: “k_value”: 未引用的局部变量
E:\DECX_world\srcs\modules\DSP\convolution\CPU\sliding_window\uint8\conv2_uint8_K_loop_core.h(258,23): warning C4018: “<”: 有符号/无符号不匹配
E:\DECX_world\srcs\modules\DSP\convolution\CPU\sliding_window\uint8\conv2_uint8_K_loop_core.h(255,10): warning C4101: “k_value”: 未引用的局部变量
E:\DECX_world\srcs\modules\DSP\convolution\CPU\sliding_window\uint8\conv2_uint8_K_loop_core.h(322,23): warning C4018: “<”: 有符号/无符号不匹配
E:\DECX_world\srcs\modules\DSP\convolution\CPU\sliding_window\uint8\conv2_uint8_K_loop_core.h(319,10): warning C4101: “k_value”: 未引用的局部变量
E:\DECX_world\srcs\modules\cv\filters\CPU\bilateral_filter_exec.cxx(92,47): warning C4101: “reg3”: 未引用的局部变量
E:\DECX_world\srcs\modules\cv\filters\CPU\bilateral_filter_exec.cxx(173,23): warning C4018: “<”: 有符号/无符号不匹配
E:\DECX_world\srcs\modules\cv\filters\CPU\bilateral_filter_exec.cxx(161,47): warning C4101: “reg3”: 未引用的局部变量
E:\DECX_world\srcs\modules\cv\filters\CPU\bilateral_filter_exec.cxx(244,9): warning C4068: 未知的杂注“unroll”
E:\DECX_world\srcs\modules\cv\filters\CPU\bilateral_filter_exec.cxx(284,23): warning C4018: “<”: 有符号/无符号不匹配
E:\DECX_world\srcs\modules\cv\filters\CPU\bilateral_filter_exec.cxx(285,27): warning C4018: “<”: 有符号/无符号不匹配
E:\DECX_world\srcs\modules\cv\filters\CPU\bilateral_filter_exec.cxx(324,9): warning C4068: 未知的杂注“unroll”
E:\DECX_world\srcs\modules\cv\filters\CPU\bilateral_filter_exec.cxx(366,23): warning C4018: “<”: 有符号/无符号不匹配
E:\DECX_world\srcs\modules\cv\filters\CPU\bilateral_filter_exec.cxx(367,27): warning C4018: “<”: 有符号/无符号不匹配
E:\DECX_world\srcs\modules\cv\filters\CPU\bilateral_filter_exec.cxx(409,23): warning C4018: “<”: 有符号/无符号不匹配
E:\DECX_world\srcs\modules\cv\filters\CPU\bilateral_filter_exec.cxx(413,27): warning C4018: “<”: 有符号/无符号不匹配
E:\DECX_world\srcs\modules\cv\filters\CPU\bilateral_filter_exec.cxx(436,27): warning C4018: “<”: 有符号/无符号不匹配
E:\DECX_world\srcs\modules\cv\filters\CPU\bilateral_filter_exec.cxx(400,12): warning C4101: “res_vec8”: 未引用的局部变量
E:\DECX_world\srcs\modules\cv\filters\CPU\bilateral_filter_exec.cxx(481,23): warning C4018: “<”: 有符号/无符号不匹配
E:\DECX_world\srcs\modules\cv\filters\CPU\bilateral_filter_exec.cxx(485,27): warning C4018: “<”: 有符号/无符号不匹配
E:\DECX_world\srcs\modules\cv\filters\CPU\bilateral_filter_exec.cxx(508,27): warning C4018: “<”: 有符号/无符号不匹配
E:\DECX_world\srcs\modules\cv\filters\CPU\bilateral_filter_exec.cxx(472,12): warning C4101: “res_vec8”: 未引用的局部变量
E:\DECX_world\srcs\modules\cv\filters\CPU\bilateral_filter_exec.cxx(551,23): warning C4018: “<”: 有符号/无符号不匹配
E:\DECX_world\srcs\modules\cv\filters\CPU\bilateral_filter_exec.cxx(589,23): warning C4018: “<”: 有符号/无符号不匹配
E:\DECX_world\srcs\modules\core\thread_management\thread_pool.h(117,1): warning C4267: “参数”: 从“size_t”转换到“const uint”，可能丢失数据
E:\DECX_world\srcs\modules\cv\filters\CPU\bilateral_filter_exec.cxx(554): message : 查看对正在编译的函数 模板 实例化“std::future<void> decx::cpu::register_task_default<void(__cdecl &)(const double *,const float *,const float *,double *,uint2,uint2,uint,uint,ushort,uint),const double*&,const float*&,const float*&,double*&,uint2,const uint2&,const uint&,const uint&,const ushort&,const uint&>(FuncType,const double *&,const float *&,const float *&,double *&,uint2 &&,const uint2 &,const uint &,const uint &,const ushort &,const uint &)”的引用
          with
          [
              FuncType=void (__cdecl &)(const double *,const float *,const float *,double *,uint2,uint2,uint,uint,ushort,uint)
          ]
  exp_values_LUT.cxx
E:\DECX_world\srcs\modules\core\utils\simd_fast_math_avx2.h(81,72): warning C4305: “参数”: 从“double”到“float”截断
E:\DECX_world\srcs\modules\core\utils\simd_fast_math_avx2.h(81,100): warning C4305: “参数”: 从“double”到“float”截断
E:\DECX_world\srcs\modules\core\utils\simd_fast_math_avx2.h(82,76): warning C4305: “参数”: 从“double”到“float”截断
E:\DECX_world\srcs\modules\core\utils\simd_fast_math_avx2.h(126,72): warning C4305: “参数”: 从“double”到“float”截断
E:\DECX_world\srcs\modules\core\utils\simd_fast_math_sse.h(81,66): warning C4305: “参数”: 从“double”到“float”截断
E:\DECX_world\srcs\modules\core\utils\simd_fast_math_sse.h(81,91): warning C4305: “参数”: 从“double”到“float”截断
E:\DECX_world\srcs\modules\core\utils\simd_fast_math_sse.h(82,70): warning C4305: “参数”: 从“double”到“float”截断
E:\DECX_world\srcs\modules\core\utils\simd_fast_math_sse.h(128,66): warning C4305: “参数”: 从“double”到“float”截断
  channel_ops.cxx
E:\DECX_world\srcs\modules\core\utils\simd_fast_math_avx2.h(81,72): warning C4305: “参数”: 从“double”到“float”截断
E:\DECX_world\srcs\modules\core\utils\simd_fast_math_avx2.h(81,100): warning C4305: “参数”: 从“double”到“float”截断
E:\DECX_world\srcs\modules\core\utils\simd_fast_math_avx2.h(82,76): warning C4305: “参数”: 从“double”到“float”截断
E:\DECX_world\srcs\modules\core\utils\simd_fast_math_avx2.h(126,72): warning C4305: “参数”: 从“double”到“float”截断
E:\DECX_world\srcs\modules\core\utils\simd_fast_math_sse.h(81,66): warning C4305: “参数”: 从“double”到“float”截断
E:\DECX_world\srcs\modules\core\utils\simd_fast_math_sse.h(81,91): warning C4305: “参数”: 从“double”到“float”截断
E:\DECX_world\srcs\modules\core\utils\simd_fast_math_sse.h(82,70): warning C4305: “参数”: 从“double”到“float”截断
E:\DECX_world\srcs\modules\core\utils\simd_fast_math_sse.h(128,66): warning C4305: “参数”: 从“double”到“float”截断
E:\DECX_world\srcs\modules\classes\classes_util.h(237,2): warning C4091: “typedef ”: 没有声明变量时忽略“_16b”的左侧
E:\DECX_world\srcs\modules\BLAS\Vectorial\vector4.h(50,25): warning C4359: “decx::_Vector8f”: 对齐说明符小于实际对齐方式(32)，将被忽略。
E:\DECX_world\srcs\modules\classes\Matrix.h(142,30): warning C4251: “decx::_Matrix::_layout”: class“decx::_matrix_layout”需要有 dll 接口由 class“decx::_Matrix”的客户端使用
E:\DECX_world\srcs\modules\classes\Matrix.h(80): message : 参见“decx::_matrix_layout”的声明
E:\DECX_world\srcs\modules\classes\Matrix.h(155,29): warning C4251: “decx::_Matrix::Mat”: struct“decx::PtrInfo<void>”需要有 dll 接口由 class“decx::_Matrix”的客户端使用
E:\DECX_world\srcs\modules\classes\Matrix.h(155): message : 参见“decx::PtrInfo<void>”的声明
  cvt_colors.cxx
E:\DECX_world\srcs\modules\core\utils\simd_fast_math_avx2.h(81,72): warning C4305: “参数”: 从“double”到“float”截断
E:\DECX_world\srcs\modules\core\utils\simd_fast_math_avx2.h(81,100): warning C4305: “参数”: 从“double”到“float”截断
E:\DECX_world\srcs\modules\core\utils\simd_fast_math_avx2.h(82,76): warning C4305: “参数”: 从“double”到“float”截断
E:\DECX_world\srcs\modules\core\utils\simd_fast_math_avx2.h(126,72): warning C4305: “参数”: 从“double”到“float”截断
E:\DECX_world\srcs\modules\core\utils\simd_fast_math_sse.h(81,66): warning C4305: “参数”: 从“double”到“float”截断
E:\DECX_world\srcs\modules\core\utils\simd_fast_math_sse.h(81,91): warning C4305: “参数”: 从“double”到“float”截断
E:\DECX_world\srcs\modules\core\utils\simd_fast_math_sse.h(82,70): warning C4305: “参数”: 从“double”到“float”截断
E:\DECX_world\srcs\modules\core\utils\simd_fast_math_sse.h(128,66): warning C4305: “参数”: 从“double”到“float”截断
E:\DECX_world\srcs\modules\core\thread_management\thread_pool.h(117,1): warning C4267: “参数”: 从“size_t”转换到“const uint”，可能丢失数据
E:\DECX_world\srcs\modules\cv\utils\cvt_colors.cxx(229): message : 查看对正在编译的函数 模板 实例化“std::future<void> decx::cpu::register_task_default<decx::vis::channel_ops_kernel(__cdecl *&),const float*,float*,int2&,const uint&,const uint&>(FuncType,const float *&&,float *&&,int2 &,const uint &,const uint &)”的引用
          with
          [
              FuncType=decx::vis::channel_ops_kernel (__cdecl *&)
          ]
    正在创建库 ../bin/x64\DECX_CV_CPU.lib 和对象 ../bin/x64\DECX_CV_CPU.exp
  正在生成代码
  Previous IPDB and IOBJ mismatch, fall back to full compilation.
E:\DECX_world\srcs\modules\cv\filters\CPU\Gaussian_filter.cxx(45): warning C4715: “de::vis::cpu::Gaussian_Filter”: 不是所有的控件路径都返回值
  All 1064 functions were compiled because no usable IPDB/IOBJ from previous compilation was found.
  已完成代码的生成
  DECX_CV_CPU.vcxproj -> E:\DECX_world\bin\x64\DECX_CV_CPU.dll
