Build started 2024/7/30 17:52:46.
Logging verbosity is set to: Normal.     1>Project "E:\DECX_world\DECX_BLAS_CUDA\DECX_BLAS_CUDA.vcxproj" on node 3 (Build target(s)).
     1>D:\Microsoft Visual Studio\Visual Studio\MSBuild\Microsoft\VC\v160\Microsoft.CppBuild.targets(499,5): warning MSB8004: Output Directory does not end with a trailing slash.  This build instance will add the slash as it is required to allow proper evaluation of the Output Directory.
     1>InitializeBuildStatus:
         Touching "x64\Release\DECX_BLAS_CUDA.tlog\unsuccessfulbuild".
       AddCudaCompileDeps:
       Skipping target "AddCudaCompileDeps" because all output files are up-to-date with respect to the input files.
       AddCudaCompileDeps:
       Skipping target "AddCudaCompileDeps" because all output files are up-to-date with respect to the input files.
       AddCudaCompileDeps:
       Skipping target "AddCudaCompileDeps" because all output files are up-to-date with respect to the input files.
       AddCudaCompileDeps:
       Skipping target "AddCudaCompileDeps" because all output files are up-to-date with respect to the input files.
       AddCudaCompileDeps:
       Skipping target "AddCudaCompileDeps" because all output files are up-to-date with respect to the input files.
       AddCudaCompileDeps:
       Skipping target "AddCudaCompileDeps" because all output files are up-to-date with respect to the input files.
       AddCudaCompileDeps:
       Skipping target "AddCudaCompileDeps" because all output files are up-to-date with respect to the input files.
       AddCudaCompileDeps:
       Skipping target "AddCudaCompileDeps" because all output files are up-to-date with respect to the input files.
       AddCudaCompileDeps:
       Skipping target "AddCudaCompileDeps" because all output files are up-to-date with respect to the input files.
       AddCudaCompileDeps:
       Skipping target "AddCudaCompileDeps" because all output files are up-to-date with respect to the input files.
       AddCudaCompileDeps:
       Skipping target "AddCudaCompileDeps" because all output files are up-to-date with respect to the input files.
       AddCudaCompileDeps:
       Skipping target "AddCudaCompileDeps" because all output files are up-to-date with respect to the input files.
       AddCudaCompileDeps:
       Skipping target "AddCudaCompileDeps" because all output files are up-to-date with respect to the input files.
       AddCudaCompileDeps:
       Skipping target "AddCudaCompileDeps" because all output files are up-to-date with respect to the input files.
       AddCudaCompileDeps:
       Skipping target "AddCudaCompileDeps" because all output files are up-to-date with respect to the input files.
       AddCudaCompileDeps:
       Skipping target "AddCudaCompileDeps" because all output files are up-to-date with respect to the input files.
       AddCudaCompileDeps:
       Skipping target "AddCudaCompileDeps" because all output files are up-to-date with respect to the input files.
       AddCudaCompileDeps:
       Skipping target "AddCudaCompileDeps" because all output files are up-to-date with respect to the input files.
       AddCudaCompileDeps:
       Skipping target "AddCudaCompileDeps" because all output files are up-to-date with respect to the input files.
       AddCudaCompileDeps:
       Skipping target "AddCudaCompileDeps" because all output files are up-to-date with respect to the input files.
       AddCudaCompileDeps:
       Skipping target "AddCudaCompileDeps" because all output files are up-to-date with respect to the input files.
       AddCudaCompileDeps:
       Skipping target "AddCudaCompileDeps" because all output files are up-to-date with respect to the input files.
       AddCudaCompileDeps:
       Skipping target "AddCudaCompileDeps" because all output files are up-to-date with respect to the input files.
       AddCudaCompileDeps:
       Skipping target "AddCudaCompileDeps" because all output files are up-to-date with respect to the input files.
       AddCudaCompileDeps:
       Skipping target "AddCudaCompileDeps" because all output files are up-to-date with respect to the input files.
       AddCudaCompileDeps:
       Skipping target "AddCudaCompileDeps" because all output files are up-to-date with respect to the input files.
       AddCudaCompileDeps:
       Skipping target "AddCudaCompileDeps" because all output files are up-to-date with respect to the input files.
       AddCudaCompileDeps:
       Skipping target "AddCudaCompileDeps" because all output files are up-to-date with respect to the input files.
       AddCudaCompileDeps:
       Skipping target "AddCudaCompileDeps" because all output files are up-to-date with respect to the input files.
       AddCudaCompileDeps:
       Skipping target "AddCudaCompileDeps" because all output files are up-to-date with respect to the input files.
       AddCudaCompileDeps:
       Skipping target "AddCudaCompileDeps" because all output files are up-to-date with respect to the input files.
       AddCudaCompileDeps:
       Skipping target "AddCudaCompileDeps" because all output files are up-to-date with respect to the input files.
       AddCudaCompileDeps:
       Skipping target "AddCudaCompileDeps" because all output files are up-to-date with respect to the input files.
       AddCudaCompileDeps:
       Skipping target "AddCudaCompileDeps" because all output files are up-to-date with respect to the input files.
       AddCudaCompileDeps:
       Skipping target "AddCudaCompileDeps" because all output files are up-to-date with respect to the input files.
       AddCudaCompileDeps:
       Skipping target "AddCudaCompileDeps" because all output files are up-to-date with respect to the input files.
       AddCudaCompileDeps:
       Skipping target "AddCudaCompileDeps" because all output files are up-to-date with respect to the input files.
       AddCudaCompileDeps:
       Skipping target "AddCudaCompileDeps" because all output files are up-to-date with respect to the input files.
       AddCudaCompileDeps:
       Skipping target "AddCudaCompileDeps" because all output files are up-to-date with respect to the input files.
       AddCudaCompileDeps:
       Skipping target "AddCudaCompileDeps" because all output files are up-to-date with respect to the input files.
       AddCudaCompileDeps:
       Skipping target "AddCudaCompileDeps" because all output files are up-to-date with respect to the input files.
       AddCudaCompileDeps:
       Skipping target "AddCudaCompileDeps" because all output files are up-to-date with respect to the input files.
       AddCudaCompileDeps:
       Skipping target "AddCudaCompileDeps" because all output files are up-to-date with respect to the input files.
       AddCudaCompileDeps:
       Skipping target "AddCudaCompileDeps" because all output files are up-to-date with respect to the input files.
       AddCudaCompileDeps:
       Skipping target "AddCudaCompileDeps" because all output files are up-to-date with respect to the input files.
       AddCudaCompileDeps:
       Skipping target "AddCudaCompileDeps" because all output files are up-to-date with respect to the input files.
       AddCudaCompileDeps:
       Skipping target "AddCudaCompileDeps" because all output files are up-to-date with respect to the input files.
       AddCudaCompileDeps:
       Skipping target "AddCudaCompileDeps" because all output files are up-to-date with respect to the input files.
       AddCudaCompileDeps:
       Skipping target "AddCudaCompileDeps" because all output files are up-to-date with respect to the input files.
       AddCudaCompileDeps:
       Skipping target "AddCudaCompileDeps" because all output files are up-to-date with respect to the input files.
       AddCudaCompileDeps:
       Skipping target "AddCudaCompileDeps" because all output files are up-to-date with respect to the input files.
       AddCudaCompileDeps:
       Skipping target "AddCudaCompileDeps" because all output files are up-to-date with respect to the input files.
       AddCudaCompileDeps:
       Skipping target "AddCudaCompileDeps" because all output files are up-to-date with respect to the input files.
       WriteCudaCompileTlogs:
       Skipping target "WriteCudaCompileTlogs" because all output files are up-to-date with respect to the input files.
     1>Project "E:\DECX_world\DECX_BLAS_CUDA\DECX_BLAS_CUDA.vcxproj" (1) is building "E:\DECX_world\DECX_BLAS_CUDA\DECX_BLAS_CUDA.vcxproj" (1:2) on node 1 (CudaBuildCore target(s)).
     1>CudaBuildCore:
       Skipping target "CudaBuildCore" because all output files are up-to-date with respect to the input files.
     1>Done Building Project "E:\DECX_world\DECX_BLAS_CUDA\DECX_BLAS_CUDA.vcxproj" (CudaBuildCore target(s)).
     1>Project "E:\DECX_world\DECX_BLAS_CUDA\DECX_BLAS_CUDA.vcxproj" (1) is building "E:\DECX_world\DECX_BLAS_CUDA\DECX_BLAS_CUDA.vcxproj" (1:7) on node 11 (CudaBuildCore target(s)).
     1>CudaBuildCore:
       Skipping target "CudaBuildCore" because all output files are up-to-date with respect to the input files.
     1>Project "E:\DECX_world\DECX_BLAS_CUDA\DECX_BLAS_CUDA.vcxproj" (1) is building "E:\DECX_world\DECX_BLAS_CUDA\DECX_BLAS_CUDA.vcxproj" (1:6) on node 2 (CudaBuildCore target(s)).
     1>CudaBuildCore:
       Skipping target "CudaBuildCore" because all output files are up-to-date with respect to the input files.
     1>Done Building Project "E:\DECX_world\DECX_BLAS_CUDA\DECX_BLAS_CUDA.vcxproj" (CudaBuildCore target(s)).
     1>Project "E:\DECX_world\DECX_BLAS_CUDA\DECX_BLAS_CUDA.vcxproj" (1) is building "E:\DECX_world\DECX_BLAS_CUDA\DECX_BLAS_CUDA.vcxproj" (1:9) on node 3 (CudaBuildCore target(s)).
     1>CudaBuildCore:
       Skipping target "CudaBuildCore" because all output files are up-to-date with respect to the input files.
     1>Done Building Project "E:\DECX_world\DECX_BLAS_CUDA\DECX_BLAS_CUDA.vcxproj" (CudaBuildCore target(s)).
     1>Project "E:\DECX_world\DECX_BLAS_CUDA\DECX_BLAS_CUDA.vcxproj" (1) is building "E:\DECX_world\DECX_BLAS_CUDA\DECX_BLAS_CUDA.vcxproj" (1:10) on node 12 (CudaBuildCore target(s)).
     1>CudaBuildCore:
       Skipping target "CudaBuildCore" because all output files are up-to-date with respect to the input files.
     1>Done Building Project "E:\DECX_world\DECX_BLAS_CUDA\DECX_BLAS_CUDA.vcxproj" (CudaBuildCore target(s)).
     1>Project "E:\DECX_world\DECX_BLAS_CUDA\DECX_BLAS_CUDA.vcxproj" (1) is building "E:\DECX_world\DECX_BLAS_CUDA\DECX_BLAS_CUDA.vcxproj" (1:11) on node 10 (CudaBuildCore target(s)).
     1>CudaBuildCore:
       Skipping target "CudaBuildCore" because all output files are up-to-date with respect to the input files.
     1>Done Building Project "E:\DECX_world\DECX_BLAS_CUDA\DECX_BLAS_CUDA.vcxproj" (CudaBuildCore target(s)).
     1>Done Building Project "E:\DECX_world\DECX_BLAS_CUDA\DECX_BLAS_CUDA.vcxproj" (CudaBuildCore target(s)).
     1>Project "E:\DECX_world\DECX_BLAS_CUDA\DECX_BLAS_CUDA.vcxproj" (1) is building "E:\DECX_world\DECX_BLAS_CUDA\DECX_BLAS_CUDA.vcxproj" (1:3) on node 8 (CudaBuildCore target(s)).
     1>CudaBuildCore:
       Skipping target "CudaBuildCore" because all output files are up-to-date with respect to the input files.
     1>Done Building Project "E:\DECX_world\DECX_BLAS_CUDA\DECX_BLAS_CUDA.vcxproj" (CudaBuildCore target(s)).
     1>Project "E:\DECX_world\DECX_BLAS_CUDA\DECX_BLAS_CUDA.vcxproj" (1) is building "E:\DECX_world\DECX_BLAS_CUDA\DECX_BLAS_CUDA.vcxproj" (1:12) on node 7 (CudaBuildCore target(s)).
     1>CudaBuildCore:
       Skipping target "CudaBuildCore" because all output files are up-to-date with respect to the input files.
     1>Done Building Project "E:\DECX_world\DECX_BLAS_CUDA\DECX_BLAS_CUDA.vcxproj" (CudaBuildCore target(s)).
     1>Project "E:\DECX_world\DECX_BLAS_CUDA\DECX_BLAS_CUDA.vcxproj" (1) is building "E:\DECX_world\DECX_BLAS_CUDA\DECX_BLAS_CUDA.vcxproj" (1:13) on node 6 (CudaBuildCore target(s)).
     1>CudaBuildCore:
       Skipping target "CudaBuildCore" because all output files are up-to-date with respect to the input files.
     1>Done Building Project "E:\DECX_world\DECX_BLAS_CUDA\DECX_BLAS_CUDA.vcxproj" (CudaBuildCore target(s)).
     1>Project "E:\DECX_world\DECX_BLAS_CUDA\DECX_BLAS_CUDA.vcxproj" (1) is building "E:\DECX_world\DECX_BLAS_CUDA\DECX_BLAS_CUDA.vcxproj" (1:4) on node 4 (CudaBuildCore target(s)).
     1>CudaBuildCore:
       Skipping target "CudaBuildCore" because all output files are up-to-date with respect to the input files.
     1>Project "E:\DECX_world\DECX_BLAS_CUDA\DECX_BLAS_CUDA.vcxproj" (1) is building "E:\DECX_world\DECX_BLAS_CUDA\DECX_BLAS_CUDA.vcxproj" (1:8) on node 9 (CudaBuildCore target(s)).
     1>CudaBuildCore:
       Skipping target "CudaBuildCore" because all output files are up-to-date with respect to the input files.
     1>Done Building Project "E:\DECX_world\DECX_BLAS_CUDA\DECX_BLAS_CUDA.vcxproj" (CudaBuildCore target(s)).
     1>Project "E:\DECX_world\DECX_BLAS_CUDA\DECX_BLAS_CUDA.vcxproj" (1) is building "E:\DECX_world\DECX_BLAS_CUDA\DECX_BLAS_CUDA.vcxproj" (1:5) on node 5 (CudaBuildCore target(s)).
     1>CudaBuildCore:
       Skipping target "CudaBuildCore" because all output files are up-to-date with respect to the input files.
     1>Done Building Project "E:\DECX_world\DECX_BLAS_CUDA\DECX_BLAS_CUDA.vcxproj" (CudaBuildCore target(s)).
     1>Project "E:\DECX_world\DECX_BLAS_CUDA\DECX_BLAS_CUDA.vcxproj" (1) is building "E:\DECX_world\DECX_BLAS_CUDA\DECX_BLAS_CUDA.vcxproj" (1:14) on node 1 (CudaBuildCore target(s)).
     1>CudaBuildCore:
       Skipping target "CudaBuildCore" because all output files are up-to-date with respect to the input files.
     1>Done Building Project "E:\DECX_world\DECX_BLAS_CUDA\DECX_BLAS_CUDA.vcxproj" (CudaBuildCore target(s)).
     1>Project "E:\DECX_world\DECX_BLAS_CUDA\DECX_BLAS_CUDA.vcxproj" (1) is building "E:\DECX_world\DECX_BLAS_CUDA\DECX_BLAS_CUDA.vcxproj" (1:15) on node 2 (CudaBuildCore target(s)).
     1>CudaBuildCore:
       Skipping target "CudaBuildCore" because all output files are up-to-date with respect to the input files.
     1>Done Building Project "E:\DECX_world\DECX_BLAS_CUDA\DECX_BLAS_CUDA.vcxproj" (CudaBuildCore target(s)).
     1>Project "E:\DECX_world\DECX_BLAS_CUDA\DECX_BLAS_CUDA.vcxproj" (1) is building "E:\DECX_world\DECX_BLAS_CUDA\DECX_BLAS_CUDA.vcxproj" (1:16) on node 12 (CudaBuildCore target(s)).
     1>CudaBuildCore:
       Skipping target "CudaBuildCore" because all output files are up-to-date with respect to the input files.
     1>Done Building Project "E:\DECX_world\DECX_BLAS_CUDA\DECX_BLAS_CUDA.vcxproj" (CudaBuildCore target(s)).
     1>Done Building Project "E:\DECX_world\DECX_BLAS_CUDA\DECX_BLAS_CUDA.vcxproj" (CudaBuildCore target(s)).
     1>Project "E:\DECX_world\DECX_BLAS_CUDA\DECX_BLAS_CUDA.vcxproj" (1) is building "E:\DECX_world\DECX_BLAS_CUDA\DECX_BLAS_CUDA.vcxproj" (1:17) on node 3 (CudaBuildCore target(s)).
     1>CudaBuildCore:
       Skipping target "CudaBuildCore" because all output files are up-to-date with respect to the input files.
     1>Done Building Project "E:\DECX_world\DECX_BLAS_CUDA\DECX_BLAS_CUDA.vcxproj" (CudaBuildCore target(s)).
     1>Project "E:\DECX_world\DECX_BLAS_CUDA\DECX_BLAS_CUDA.vcxproj" (1) is building "E:\DECX_world\DECX_BLAS_CUDA\DECX_BLAS_CUDA.vcxproj" (1:18) on node 11 (CudaBuildCore target(s)).
     1>CudaBuildCore:
       Skipping target "CudaBuildCore" because all output files are up-to-date with respect to the input files.
     1>Project "E:\DECX_world\DECX_BLAS_CUDA\DECX_BLAS_CUDA.vcxproj" (1) is building "E:\DECX_world\DECX_BLAS_CUDA\DECX_BLAS_CUDA.vcxproj" (1:19) on node 10 (CudaBuildCore target(s)).
     1>CudaBuildCore:
       Skipping target "CudaBuildCore" because all output files are up-to-date with respect to the input files.
     1>Done Building Project "E:\DECX_world\DECX_BLAS_CUDA\DECX_BLAS_CUDA.vcxproj" (CudaBuildCore target(s)).
     1>Done Building Project "E:\DECX_world\DECX_BLAS_CUDA\DECX_BLAS_CUDA.vcxproj" (CudaBuildCore target(s)).
     1>Project "E:\DECX_world\DECX_BLAS_CUDA\DECX_BLAS_CUDA.vcxproj" (1) is building "E:\DECX_world\DECX_BLAS_CUDA\DECX_BLAS_CUDA.vcxproj" (1:20) on node 7 (CudaBuildCore target(s)).
     1>CudaBuildCore:
       Skipping target "CudaBuildCore" because all output files are up-to-date with respect to the input files.
     1>Done Building Project "E:\DECX_world\DECX_BLAS_CUDA\DECX_BLAS_CUDA.vcxproj" (CudaBuildCore target(s)).
     1>Project "E:\DECX_world\DECX_BLAS_CUDA\DECX_BLAS_CUDA.vcxproj" (1) is building "E:\DECX_world\DECX_BLAS_CUDA\DECX_BLAS_CUDA.vcxproj" (1:21) on node 8 (CudaBuildCore target(s)).
     1>CudaBuildCore:
       Skipping target "CudaBuildCore" because all output files are up-to-date with respect to the input files.
     1>Done Building Project "E:\DECX_world\DECX_BLAS_CUDA\DECX_BLAS_CUDA.vcxproj" (CudaBuildCore target(s)).
     1>Project "E:\DECX_world\DECX_BLAS_CUDA\DECX_BLAS_CUDA.vcxproj" (1) is building "E:\DECX_world\DECX_BLAS_CUDA\DECX_BLAS_CUDA.vcxproj" (1:22) on node 6 (CudaBuildCore target(s)).
     1>CudaBuildCore:
       Skipping target "CudaBuildCore" because all output files are up-to-date with respect to the input files.
     1>Done Building Project "E:\DECX_world\DECX_BLAS_CUDA\DECX_BLAS_CUDA.vcxproj" (CudaBuildCore target(s)).
     1>Project "E:\DECX_world\DECX_BLAS_CUDA\DECX_BLAS_CUDA.vcxproj" (1) is building "E:\DECX_world\DECX_BLAS_CUDA\DECX_BLAS_CUDA.vcxproj" (1:23) on node 2 (CudaBuildCore target(s)).
     1>CudaBuildCore:
       Skipping target "CudaBuildCore" because all output files are up-to-date with respect to the input files.
     1>Project "E:\DECX_world\DECX_BLAS_CUDA\DECX_BLAS_CUDA.vcxproj" (1) is building "E:\DECX_world\DECX_BLAS_CUDA\DECX_BLAS_CUDA.vcxproj" (1:24) on node 12 (CudaBuildCore target(s)).
     1>CudaBuildCore:
       Skipping target "CudaBuildCore" because all output files are up-to-date with respect to the input files.
     1>Done Building Project "E:\DECX_world\DECX_BLAS_CUDA\DECX_BLAS_CUDA.vcxproj" (CudaBuildCore target(s)).
     1>Project "E:\DECX_world\DECX_BLAS_CUDA\DECX_BLAS_CUDA.vcxproj" (1) is building "E:\DECX_world\DECX_BLAS_CUDA\DECX_BLAS_CUDA.vcxproj" (1:25) on node 1 (CudaBuildCore target(s)).
     1>CudaBuildCore:
       Skipping target "CudaBuildCore" because all output files are up-to-date with respect to the input files.
     1>Done Building Project "E:\DECX_world\DECX_BLAS_CUDA\DECX_BLAS_CUDA.vcxproj" (CudaBuildCore target(s)).
     1>Done Building Project "E:\DECX_world\DECX_BLAS_CUDA\DECX_BLAS_CUDA.vcxproj" (CudaBuildCore target(s)).
     1>Project "E:\DECX_world\DECX_BLAS_CUDA\DECX_BLAS_CUDA.vcxproj" (1) is building "E:\DECX_world\DECX_BLAS_CUDA\DECX_BLAS_CUDA.vcxproj" (1:26) on node 3 (CudaBuildCore target(s)).
     1>CudaBuildCore:
       Skipping target "CudaBuildCore" because all output files are up-to-date with respect to the input files.
     1>Done Building Project "E:\DECX_world\DECX_BLAS_CUDA\DECX_BLAS_CUDA.vcxproj" (CudaBuildCore target(s)).
     1>Project "E:\DECX_world\DECX_BLAS_CUDA\DECX_BLAS_CUDA.vcxproj" (1) is building "E:\DECX_world\DECX_BLAS_CUDA\DECX_BLAS_CUDA.vcxproj" (1:28) on node 8 (CudaBuildCore target(s)).
     1>CudaBuildCore:
       Skipping target "CudaBuildCore" because all output files are up-to-date with respect to the input files.
     1>Done Building Project "E:\DECX_world\DECX_BLAS_CUDA\DECX_BLAS_CUDA.vcxproj" (CudaBuildCore target(s)).
     1>Project "E:\DECX_world\DECX_BLAS_CUDA\DECX_BLAS_CUDA.vcxproj" (1) is building "E:\DECX_world\DECX_BLAS_CUDA\DECX_BLAS_CUDA.vcxproj" (1:29) on node 4 (CudaBuildCore target(s)).
     1>CudaBuildCore:
       Skipping target "CudaBuildCore" because all output files are up-to-date with respect to the input files.
     1>Done Building Project "E:\DECX_world\DECX_BLAS_CUDA\DECX_BLAS_CUDA.vcxproj" (CudaBuildCore target(s)).
     1>Project "E:\DECX_world\DECX_BLAS_CUDA\DECX_BLAS_CUDA.vcxproj" (1) is building "E:\DECX_world\DECX_BLAS_CUDA\DECX_BLAS_CUDA.vcxproj" (1:30) on node 5 (CudaBuildCore target(s)).
     1>CudaBuildCore:
       Skipping target "CudaBuildCore" because all output files are up-to-date with respect to the input files.
     1>Project "E:\DECX_world\DECX_BLAS_CUDA\DECX_BLAS_CUDA.vcxproj" (1) is building "E:\DECX_world\DECX_BLAS_CUDA\DECX_BLAS_CUDA.vcxproj" (1:31) on node 7 (CudaBuildCore target(s)).
     1>CudaBuildCore:
       Skipping target "CudaBuildCore" because all output files are up-to-date with respect to the input files.
     1>Done Building Project "E:\DECX_world\DECX_BLAS_CUDA\DECX_BLAS_CUDA.vcxproj" (CudaBuildCore target(s)).
     1>Done Building Project "E:\DECX_world\DECX_BLAS_CUDA\DECX_BLAS_CUDA.vcxproj" (CudaBuildCore target(s)).
     1>Project "E:\DECX_world\DECX_BLAS_CUDA\DECX_BLAS_CUDA.vcxproj" (1) is building "E:\DECX_world\DECX_BLAS_CUDA\DECX_BLAS_CUDA.vcxproj" (1:32) on node 10 (CudaBuildCore target(s)).
     1>CudaBuildCore:
       Skipping target "CudaBuildCore" because all output files are up-to-date with respect to the input files.
     1>Project "E:\DECX_world\DECX_BLAS_CUDA\DECX_BLAS_CUDA.vcxproj" (1) is building "E:\DECX_world\DECX_BLAS_CUDA\DECX_BLAS_CUDA.vcxproj" (1:27) on node 11 (CudaBuildCore target(s)).
     1>CudaBuildCore:
       Skipping target "CudaBuildCore" because all output files are up-to-date with respect to the input files.
     1>Done Building Project "E:\DECX_world\DECX_BLAS_CUDA\DECX_BLAS_CUDA.vcxproj" (CudaBuildCore target(s)).
     1>Done Building Project "E:\DECX_world\DECX_BLAS_CUDA\DECX_BLAS_CUDA.vcxproj" (CudaBuildCore target(s)).
     1>Project "E:\DECX_world\DECX_BLAS_CUDA\DECX_BLAS_CUDA.vcxproj" (1) is building "E:\DECX_world\DECX_BLAS_CUDA\DECX_BLAS_CUDA.vcxproj" (1:34) on node 9 (CudaBuildCore target(s)).
     1>CudaBuildCore:
       Skipping target "CudaBuildCore" because all output files are up-to-date with respect to the input files.
     1>Done Building Project "E:\DECX_world\DECX_BLAS_CUDA\DECX_BLAS_CUDA.vcxproj" (CudaBuildCore target(s)).
     1>Project "E:\DECX_world\DECX_BLAS_CUDA\DECX_BLAS_CUDA.vcxproj" (1) is building "E:\DECX_world\DECX_BLAS_CUDA\DECX_BLAS_CUDA.vcxproj" (1:33) on node 6 (CudaBuildCore target(s)).
     1>CudaBuildCore:
       Skipping target "CudaBuildCore" because all output files are up-to-date with respect to the input files.
     1>Done Building Project "E:\DECX_world\DECX_BLAS_CUDA\DECX_BLAS_CUDA.vcxproj" (CudaBuildCore target(s)).
     1>Project "E:\DECX_world\DECX_BLAS_CUDA\DECX_BLAS_CUDA.vcxproj" (1) is building "E:\DECX_world\DECX_BLAS_CUDA\DECX_BLAS_CUDA.vcxproj" (1:35) on node 1 (CudaBuildCore target(s)).
     1>CudaBuildCore:
       Skipping target "CudaBuildCore" because all output files are up-to-date with respect to the input files.
     1>Done Building Project "E:\DECX_world\DECX_BLAS_CUDA\DECX_BLAS_CUDA.vcxproj" (CudaBuildCore target(s)).
     1>Project "E:\DECX_world\DECX_BLAS_CUDA\DECX_BLAS_CUDA.vcxproj" (1) is building "E:\DECX_world\DECX_BLAS_CUDA\DECX_BLAS_CUDA.vcxproj" (1:37) on node 12 (CudaBuildCore target(s)).
     1>CudaBuildCore:
       Skipping target "CudaBuildCore" because all output files are up-to-date with respect to the input files.
     1>Done Building Project "E:\DECX_world\DECX_BLAS_CUDA\DECX_BLAS_CUDA.vcxproj" (CudaBuildCore target(s)).
     1>Project "E:\DECX_world\DECX_BLAS_CUDA\DECX_BLAS_CUDA.vcxproj" (1) is building "E:\DECX_world\DECX_BLAS_CUDA\DECX_BLAS_CUDA.vcxproj" (1:36) on node 2 (CudaBuildCore target(s)).
     1>CudaBuildCore:
       Skipping target "CudaBuildCore" because all output files are up-to-date with respect to the input files.
     1>Done Building Project "E:\DECX_world\DECX_BLAS_CUDA\DECX_BLAS_CUDA.vcxproj" (CudaBuildCore target(s)).
     1>Project "E:\DECX_world\DECX_BLAS_CUDA\DECX_BLAS_CUDA.vcxproj" (1) is building "E:\DECX_world\DECX_BLAS_CUDA\DECX_BLAS_CUDA.vcxproj" (1:38) on node 4 (CudaBuildCore target(s)).
     1>CudaBuildCore:
       Skipping target "CudaBuildCore" because all output files are up-to-date with respect to the input files.
     1>Done Building Project "E:\DECX_world\DECX_BLAS_CUDA\DECX_BLAS_CUDA.vcxproj" (CudaBuildCore target(s)).
     1>Project "E:\DECX_world\DECX_BLAS_CUDA\DECX_BLAS_CUDA.vcxproj" (1) is building "E:\DECX_world\DECX_BLAS_CUDA\DECX_BLAS_CUDA.vcxproj" (1:39) on node 5 (CudaBuildCore target(s)).
     1>CudaBuildCore:
       Skipping target "CudaBuildCore" because all output files are up-to-date with respect to the input files.
     1>Done Building Project "E:\DECX_world\DECX_BLAS_CUDA\DECX_BLAS_CUDA.vcxproj" (CudaBuildCore target(s)).
     1>Project "E:\DECX_world\DECX_BLAS_CUDA\DECX_BLAS_CUDA.vcxproj" (1) is building "E:\DECX_world\DECX_BLAS_CUDA\DECX_BLAS_CUDA.vcxproj" (1:40) on node 3 (CudaBuildCore target(s)).
     1>CudaBuildCore:
       Skipping target "CudaBuildCore" because all output files are up-to-date with respect to the input files.
     1>Done Building Project "E:\DECX_world\DECX_BLAS_CUDA\DECX_BLAS_CUDA.vcxproj" (CudaBuildCore target(s)).
     1>Project "E:\DECX_world\DECX_BLAS_CUDA\DECX_BLAS_CUDA.vcxproj" (1) is building "E:\DECX_world\DECX_BLAS_CUDA\DECX_BLAS_CUDA.vcxproj" (1:41) on node 8 (CudaBuildCore target(s)).
     1>CudaBuildCore:
       Skipping target "CudaBuildCore" because all output files are up-to-date with respect to the input files.
     1>Done Building Project "E:\DECX_world\DECX_BLAS_CUDA\DECX_BLAS_CUDA.vcxproj" (CudaBuildCore target(s)).
     1>Project "E:\DECX_world\DECX_BLAS_CUDA\DECX_BLAS_CUDA.vcxproj" (1) is building "E:\DECX_world\DECX_BLAS_CUDA\DECX_BLAS_CUDA.vcxproj" (1:42) on node 1 (CudaBuildCore target(s)).
     1>CudaBuildCore:
       Skipping target "CudaBuildCore" because all output files are up-to-date with respect to the input files.
     1>Done Building Project "E:\DECX_world\DECX_BLAS_CUDA\DECX_BLAS_CUDA.vcxproj" (CudaBuildCore target(s)).
     1>Project "E:\DECX_world\DECX_BLAS_CUDA\DECX_BLAS_CUDA.vcxproj" (1) is building "E:\DECX_world\DECX_BLAS_CUDA\DECX_BLAS_CUDA.vcxproj" (1:43) on node 11 (CudaBuildCore target(s)).
     1>CudaBuildCore:
       Skipping target "CudaBuildCore" because all output files are up-to-date with respect to the input files.
     1>Done Building Project "E:\DECX_world\DECX_BLAS_CUDA\DECX_BLAS_CUDA.vcxproj" (CudaBuildCore target(s)).
     1>Project "E:\DECX_world\DECX_BLAS_CUDA\DECX_BLAS_CUDA.vcxproj" (1) is building "E:\DECX_world\DECX_BLAS_CUDA\DECX_BLAS_CUDA.vcxproj" (1:44) on node 9 (CudaBuildCore target(s)).
     1>CudaBuildCore:
       Skipping target "CudaBuildCore" because all output files are up-to-date with respect to the input files.
     1>Done Building Project "E:\DECX_world\DECX_BLAS_CUDA\DECX_BLAS_CUDA.vcxproj" (CudaBuildCore target(s)).
     1>Project "E:\DECX_world\DECX_BLAS_CUDA\DECX_BLAS_CUDA.vcxproj" (1) is building "E:\DECX_world\DECX_BLAS_CUDA\DECX_BLAS_CUDA.vcxproj" (1:45) on node 12 (CudaBuildCore target(s)).
     1>CudaBuildCore:
       Skipping target "CudaBuildCore" because all output files are up-to-date with respect to the input files.
     1>Done Building Project "E:\DECX_world\DECX_BLAS_CUDA\DECX_BLAS_CUDA.vcxproj" (CudaBuildCore target(s)).
     1>Project "E:\DECX_world\DECX_BLAS_CUDA\DECX_BLAS_CUDA.vcxproj" (1) is building "E:\DECX_world\DECX_BLAS_CUDA\DECX_BLAS_CUDA.vcxproj" (1:46) on node 10 (CudaBuildCore target(s)).
     1>CudaBuildCore:
       Skipping target "CudaBuildCore" because all output files are up-to-date with respect to the input files.
     1>Done Building Project "E:\DECX_world\DECX_BLAS_CUDA\DECX_BLAS_CUDA.vcxproj" (CudaBuildCore target(s)).
     1>Project "E:\DECX_world\DECX_BLAS_CUDA\DECX_BLAS_CUDA.vcxproj" (1) is building "E:\DECX_world\DECX_BLAS_CUDA\DECX_BLAS_CUDA.vcxproj" (1:47) on node 7 (CudaBuildCore target(s)).
     1>CudaBuildCore:
       Skipping target "CudaBuildCore" because all output files are up-to-date with respect to the input files.
     1>Done Building Project "E:\DECX_world\DECX_BLAS_CUDA\DECX_BLAS_CUDA.vcxproj" (CudaBuildCore target(s)).
     1>Project "E:\DECX_world\DECX_BLAS_CUDA\DECX_BLAS_CUDA.vcxproj" (1) is building "E:\DECX_world\DECX_BLAS_CUDA\DECX_BLAS_CUDA.vcxproj" (1:48) on node 6 (CudaBuildCore target(s)).
     1>CudaBuildCore:
       Skipping target "CudaBuildCore" because all output files are up-to-date with respect to the input files.
     1>Done Building Project "E:\DECX_world\DECX_BLAS_CUDA\DECX_BLAS_CUDA.vcxproj" (CudaBuildCore target(s)).
     1>Project "E:\DECX_world\DECX_BLAS_CUDA\DECX_BLAS_CUDA.vcxproj" (1) is building "E:\DECX_world\DECX_BLAS_CUDA\DECX_BLAS_CUDA.vcxproj" (1:50) on node 3 (CudaBuildCore target(s)).
     1>CudaBuildCore:
       Skipping target "CudaBuildCore" because all output files are up-to-date with respect to the input files.
     1>Done Building Project "E:\DECX_world\DECX_BLAS_CUDA\DECX_BLAS_CUDA.vcxproj" (CudaBuildCore target(s)).
     1>Project "E:\DECX_world\DECX_BLAS_CUDA\DECX_BLAS_CUDA.vcxproj" (1) is building "E:\DECX_world\DECX_BLAS_CUDA\DECX_BLAS_CUDA.vcxproj" (1:49) on node 2 (CudaBuildCore target(s)).
     1>CudaBuildCore:
       Skipping target "CudaBuildCore" because all output files are up-to-date with respect to the input files.
     1>Done Building Project "E:\DECX_world\DECX_BLAS_CUDA\DECX_BLAS_CUDA.vcxproj" (CudaBuildCore target(s)).
     1>Project "E:\DECX_world\DECX_BLAS_CUDA\DECX_BLAS_CUDA.vcxproj" (1) is building "E:\DECX_world\DECX_BLAS_CUDA\DECX_BLAS_CUDA.vcxproj" (1:51) on node 11 (CudaBuildCore target(s)).
     1>CudaBuildCore:
       Skipping target "CudaBuildCore" because all output files are up-to-date with respect to the input files.
     1>Done Building Project "E:\DECX_world\DECX_BLAS_CUDA\DECX_BLAS_CUDA.vcxproj" (CudaBuildCore target(s)).
     1>Project "E:\DECX_world\DECX_BLAS_CUDA\DECX_BLAS_CUDA.vcxproj" (1) is building "E:\DECX_world\DECX_BLAS_CUDA\DECX_BLAS_CUDA.vcxproj" (1:52) on node 5 (CudaBuildCore target(s)).
     1>CudaBuildCore:
       Skipping target "CudaBuildCore" because all output files are up-to-date with respect to the input files.
     1>Done Building Project "E:\DECX_world\DECX_BLAS_CUDA\DECX_BLAS_CUDA.vcxproj" (CudaBuildCore target(s)).
     1>Project "E:\DECX_world\DECX_BLAS_CUDA\DECX_BLAS_CUDA.vcxproj" (1) is building "E:\DECX_world\DECX_BLAS_CUDA\DECX_BLAS_CUDA.vcxproj" (1:53) on node 8 (CudaBuildCore target(s)).
     1>CudaBuildCore:
       Skipping target "CudaBuildCore" because all output files are up-to-date with respect to the input files.
     1>Done Building Project "E:\DECX_world\DECX_BLAS_CUDA\DECX_BLAS_CUDA.vcxproj" (CudaBuildCore target(s)).
     1>Project "E:\DECX_world\DECX_BLAS_CUDA\DECX_BLAS_CUDA.vcxproj" (1) is building "E:\DECX_world\DECX_BLAS_CUDA\DECX_BLAS_CUDA.vcxproj" (1:54) on node 4 (CudaBuildCore target(s)).
     1>CudaBuildCore:
       Skipping target "CudaBuildCore" because all output files are up-to-date with respect to the input files.
     1>Done Building Project "E:\DECX_world\DECX_BLAS_CUDA\DECX_BLAS_CUDA.vcxproj" (CudaBuildCore target(s)).
     1>ClCompile:
         All outputs are up-to-date.
       CudaLink:
       Skipping target "CudaLink" because all output files are up-to-date with respect to the input files.
       Link:
         All outputs are up-to-date.
         DECX_BLAS_CUDA.vcxproj -> E:\DECX_world\bin\x64\DECX_BLAS_CUDA.dll
       FinalizeBuildStatus:
         Deleting file "x64\Release\DECX_BLAS_CUDA.tlog\unsuccessfulbuild".
         Touching "x64\Release\DECX_BLAS_CUDA.tlog\DECX_BLAS_CUDA.lastbuildstate".
     1>Done Building Project "E:\DECX_world\DECX_BLAS_CUDA\DECX_BLAS_CUDA.vcxproj" (Build target(s)).

Build succeeded.

       "E:\DECX_world\DECX_BLAS_CUDA\DECX_BLAS_CUDA.vcxproj" (Build target) (1) ->
       (PrepareForBuild target) -> 
         D:\Microsoft Visual Studio\Visual Studio\MSBuild\Microsoft\VC\v160\Microsoft.CppBuild.targets(499,5): warning MSB8004: Output Directory does not end with a trailing slash.  This build instance will add the slash as it is required to allow proper evaluation of the Output Directory.

    1 Warning(s)
    0 Error(s)

Time Elapsed 00:00:01.65
