Build started 2024/8/23 22:12:55.
Logging verbosity is set to: Normal.     1>Project "E:\DECX_world\build_system\Windows\VS\DECX_DSP_CPU.vcxproj" on node 2 (Build target(s)).
     1>D:\Microsoft Visual Studio\Visual Studio\MSBuild\Microsoft\VC\v160\Microsoft.CppBuild.targets(499,5): warning MSB8004: Output Directory does not end with a trailing slash.  This build instance will add the slash as it is required to allow proper evaluation of the Output Directory.
     1>D:\Microsoft Visual Studio\Visual Studio\MSBuild\Microsoft\VC\v160\Microsoft.CppBuild.targets(513,5): warning MSB8028: The intermediate directory (x64\Release\) contains files shared from another project (DECX_CV_CPU.vcxproj, DECX_CV_CUDA.vcxproj, DECX_DSP_CUDA.vcxproj, DECX_NN_CPU.vcxproj, DECX_NN_CUDA.vcxproj).  This can lead to incorrect clean and rebuild behavior.
     1>InitializeBuildStatus:
         Touching "x64\Release\DECX_DSP_CPU.tlog\unsuccessfulbuild".
       _MASM:
         Assembling ..\..\..\srcs\common\SIMD\x86_64\decx_trigonometric_x86_masm.asm...
         cmd.exe /C "C:\Users\Wayne\AppData\Local\Temp\tmpc45cc5d896d545729bbb215f1017dff0.cmd"
         ml64.exe /c /nologo /Fo"x64\Release\decx_trigonometric_x86_masm.obj" /W3 /errorReport:prompt  /Ta..\..\..\srcs\common\SIMD\x86_64\decx_trigonometric_x86_masm.asm
       ClCompile:
         D:\Microsoft Visual Studio\Visual Studio\VC\Tools\MSVC\14.29.30133\bin\HostX86\x64\CL.exe /c /Zi /nologo /W0 /WX- /diagnostics:column /sdl /MP /O2 /Oi /GL /D NDEBUG /D DECXDSPCPU_EXPORTS /D _WINDOWS /D _USRDLL /D _DECX_DSP_CPU_ /D _DECX_CPU_PARTS_ /D _SIMD_VER_=AVX256 /D _C_EXPORT_ENABLED_=1 /D _CPP_EXPORT_ENABLED_=1 /D __x86_64__ /D _WINDLL /D _UNICODE /D UNICODE /Gm- /EHsc /MD /GS /Gy /permissive- /Zc:wchar_t /Zc:forScope /Zc:inline /std:c++17 /Fo"x64\Release\\" /Fd"x64\Release\vc142.pdb" /external:W0 /Gd /TP /FC /errorReport:prompt ..\..\..\srcs\common\Basic_process\extension\CPU\extend_constant.cxx ..\..\..\srcs\common\Basic_process\extension\CPU\extend_reflect.cxx ..\..\..\srcs\common\Basic_process\extension\CPU\extend_reflect_exec_params.cxx ..\..\..\srcs\common\Basic_process\extension\CPU\x86\extend_constant_exec.cxx ..\..\..\srcs\common\Basic_process\extension\CPU\x86\extend_reflect_exec.cxx ..\..\..\srcs\common\FMGR\fragment_arangement.cxx ..\..\..\srcs\modules\DSP\convolution\CPU\2D\64b\filter2D_64b_caller.cxx ..\..\..\srcs\modules\DSP\convolution\CPU\2D\64b\filter2D_cplxf_kernels.cxx ..\..\..\srcs\modules\DSP\convolution\CPU\2D\64b\filter2D_fp64_kernels.cxx ..\..\..\srcs\modules\DSP\convolution\CPU\2D\common\cpu_filter2D_planner.cxx ..\..\..\srcs\modules\DSP\convolution\CPU\2D\fp32\filter2D_fp32_caller.cxx ..\..\..\srcs\modules\DSP\convolution\CPU\2D\fp32\filter2D_fp32_kernels.cxx ..\..\..\srcs\modules\DSP\convolution\CPU\Filter2D.cxx ..\..\..\srcs\modules\DSP\FFT\CPU\1D\CPU_FFT1D_planner.cxx ..\..\..\srcs\modules\DSP\FFT\CPU\1D\FFT1D_kernel_utils.cxx ..\..\..\srcs\modules\DSP\FFT\CPU\1D\fp32\FFT1D_cplxf32.cxx ..\..\..\srcs\modules\DSP\FFT\CPU\1D\fp32\FFT1D_R2_cplxf_kernels.cxx ..\..\..\srcs\modules\DSP\FFT\CPU\1D\fp32\FFT1D_R3_cplxf_kernels.cxx ..\..\..\srcs\modules\DSP\FFT\CPU\1D\fp32\FFT1D_R4_cplxf_kernels.cxx ..\..\..\srcs\modules\DSP\FFT\CPU\1D\fp32\FFT1D_R5_cplxf_kernels.cxx ..\..\..\srcs\modules\DSP\FFT\CPU\1D\fp32\kernel_callers_cplxf.cxx ..\..\..\srcs\modules\DSP\FFT\CPU\1D\fp64\FFT1D_cplxd64.cxx ..\..\..\srcs\modules\DSP\FFT\CPU\1D\fp64\FFT1D_R2_cplxd_kernels.cxx ..\..\..\srcs\modules\DSP\FFT\CPU\1D\fp64\FFT1D_R3_cplxd_kernels.cxx ..\..\..\srcs\modules\DSP\FFT\CPU\1D\fp64\FFT1D_R4_cplxd_kernels.cxx ..\..\..\srcs\modules\DSP\FFT\CPU\1D\fp64\FFT1D_R5_cplxd_kernels.cxx ..\..\..\srcs\modules\DSP\FFT\CPU\1D\fp64\kernel_callers_cplxd.cxx ..\..\..\srcs\modules\DSP\FFT\CPU\2D\CPU_FFT2D_planner.cxx ..\..\..\srcs\modules\DSP\FFT\CPU\2D\fp32\FFT2D_cplxf32.cxx ..\..\..\srcs\modules\DSP\FFT\CPU\2D\fp32\FFT2D_kernel_callers_cplxf.cxx ..\..\..\srcs\modules\DSP\FFT\CPU\2D\fp64\FFT2D_cplxd64.cxx ..\..\..\srcs\modules\DSP\FFT\CPU\2D\fp64\FFT2D_kernel_callers_cplxd.cxx ..\..\..\srcs\modules\DSP\FFT\CPU\3D\CPU_FFT3D_planner.cxx ..\..\..\srcs\modules\DSP\FFT\CPU\3D\fp32\FFT3D_cplxf32.cxx ..\..\..\srcs\modules\DSP\FFT\CPU\3D\fp32\FFT3D_kernel_callers_fp32.cxx ..\..\..\srcs\modules\DSP\FFT\CPU\3D\fp64\FFT3D_cplxd64.cxx ..\..\..\srcs\modules\DSP\FFT\CPU\3D\fp64\FFT3D_kernel_callers_fp64.cxx ..\..\..\srcs\modules\DSP\FFT\CPU\FFT1D.cxx ..\..\..\srcs\modules\DSP\FFT\CPU\FFT2D.cxx ..\..\..\srcs\modules\DSP\FFT\CPU\FFT3D.cxx ..\..\..\srcs\modules\DSP\FFT\CPU\FFT_common\CPU_FFT_tiles.cxx ..\..\..\srcs\modules\DSP\FFT\CPU\FFT_common\W_table.cxx ..\..\..\srcs\modules\DSP\filters\CPU\low_pass.cxx ..\..\..\srcs\modules\DSP\filters\CPU\windows.cxx ..\..\..\srcs\modules\DSP\generators\CPU\distributions_exec.cxx ..\..\..\srcs\modules\DSP\generators\CPU\random.cxx ..\..\..\srcs\modules\DSP\generators\CPU\zeros.cxx
         extend_constant.cxx
         extend_reflect.cxx
         extend_reflect_exec_params.cxx
         extend_constant_exec.cxx
         extend_reflect_exec.cxx
         fragment_arangement.cxx
         filter2D_64b_caller.cxx
         filter2D_cplxf_kernels.cxx
         filter2D_fp64_kernels.cxx
         cpu_filter2D_planner.cxx
         filter2D_fp32_caller.cxx
         filter2D_fp32_kernels.cxx
         Filter2D.cxx
         CPU_FFT1D_planner.cxx
         FFT1D_kernel_utils.cxx
         FFT1D_cplxf32.cxx
         FFT1D_R2_cplxf_kernels.cxx
         FFT1D_R3_cplxf_kernels.cxx
         FFT1D_R4_cplxf_kernels.cxx
         FFT1D_R5_cplxf_kernels.cxx
         kernel_callers_cplxf.cxx
         FFT1D_cplxd64.cxx
         FFT1D_R2_cplxd_kernels.cxx
         FFT1D_R3_cplxd_kernels.cxx
         FFT1D_R4_cplxd_kernels.cxx
         FFT1D_R5_cplxd_kernels.cxx
         kernel_callers_cplxd.cxx
         CPU_FFT2D_planner.cxx
         FFT2D_cplxf32.cxx
         FFT2D_kernel_callers_cplxf.cxx
         FFT2D_cplxd64.cxx
         FFT2D_kernel_callers_cplxd.cxx
         CPU_FFT3D_planner.cxx
         FFT3D_cplxf32.cxx
         FFT3D_kernel_callers_fp32.cxx
         FFT3D_cplxd64.cxx
         FFT3D_kernel_callers_fp64.cxx
         FFT1D.cxx
         FFT2D.cxx
         FFT3D.cxx
         CPU_FFT_tiles.cxx
         W_table.cxx
         low_pass.cxx
         windows.cxx
         distributions_exec.cxx
         random.cxx
         zeros.cxx
       Link:
         D:\Microsoft Visual Studio\Visual Studio\VC\Tools\MSVC\14.29.30133\bin\HostX86\x64\link.exe /ERRORREPORT:PROMPT /OUT:"..\bin\x64\DECX_DSP_CPU.dll" /INCREMENTAL:NO /NOLOGO /LIBPATH:E:\DECX_world\bin\x64 DECX_core_CPU.lib DECX_BLAS_CPU.lib kernel32.lib user32.lib gdi32.lib winspool.lib comdlg32.lib advapi32.lib shell32.lib ole32.lib oleaut32.lib uuid.lib odbc32.lib odbccp32.lib /MANIFEST /MANIFESTUAC:NO /manifest:embed /PDB:"..\bin\x64\DECX_DSP_CPU.pdb" /SUBSYSTEM:WINDOWS /OPT:REF /OPT:ICF /LTCG:incremental /LTCGOUT:"x64\Release\DECX_DSP_CPU.iobj" /TLBID:1 /DYNAMICBASE /NXCOMPAT /IMPLIB:"..\bin\x64\DECX_DSP_CPU.lib" /MACHINE:X64 /DLL x64\Release\extend_constant.obj
         x64\Release\extend_reflect.obj
         x64\Release\extend_reflect_exec_params.obj
         x64\Release\extend_constant_exec.obj
         x64\Release\extend_reflect_exec.obj
         x64\Release\fragment_arangement.obj
         x64\Release\filter2D_64b_caller.obj
         x64\Release\filter2D_cplxf_kernels.obj
         x64\Release\filter2D_fp64_kernels.obj
         x64\Release\cpu_filter2D_planner.obj
         x64\Release\filter2D_fp32_caller.obj
         x64\Release\filter2D_fp32_kernels.obj
         x64\Release\Filter2D.obj
         x64\Release\CPU_FFT1D_planner.obj
         x64\Release\FFT1D_kernel_utils.obj
         x64\Release\FFT1D_cplxf32.obj
         x64\Release\FFT1D_R2_cplxf_kernels.obj
         x64\Release\FFT1D_R3_cplxf_kernels.obj
         x64\Release\FFT1D_R4_cplxf_kernels.obj
         x64\Release\FFT1D_R5_cplxf_kernels.obj
         x64\Release\kernel_callers_cplxf.obj
         x64\Release\FFT1D_cplxd64.obj
         x64\Release\FFT1D_R2_cplxd_kernels.obj
         x64\Release\FFT1D_R3_cplxd_kernels.obj
         x64\Release\FFT1D_R4_cplxd_kernels.obj
         x64\Release\FFT1D_R5_cplxd_kernels.obj
         x64\Release\kernel_callers_cplxd.obj
         x64\Release\CPU_FFT2D_planner.obj
         x64\Release\FFT2D_cplxf32.obj
         x64\Release\FFT2D_kernel_callers_cplxf.obj
         x64\Release\FFT2D_cplxd64.obj
         x64\Release\FFT2D_kernel_callers_cplxd.obj
         x64\Release\CPU_FFT3D_planner.obj
         x64\Release\FFT3D_cplxf32.obj
         x64\Release\FFT3D_kernel_callers_fp32.obj
         x64\Release\FFT3D_cplxd64.obj
         x64\Release\FFT3D_kernel_callers_fp64.obj
         x64\Release\FFT1D.obj
         x64\Release\FFT2D.obj
         x64\Release\FFT3D.obj
         x64\Release\CPU_FFT_tiles.obj
         x64\Release\W_table.obj
         x64\Release\low_pass.obj
         x64\Release\windows.obj
         x64\Release\distributions_exec.obj
         x64\Release\random.obj
         x64\Release\zeros.obj
         x64\Release\decx_trigonometric_x86_masm.obj
     1>LINK : fatal error LNK1181: cannot open input file 'DECX_core_CPU.lib'
     1>Done Building Project "E:\DECX_world\build_system\Windows\VS\DECX_DSP_CPU.vcxproj" (Build target(s)) -- FAILED.

Build FAILED.

       "E:\DECX_world\build_system\Windows\VS\DECX_DSP_CPU.vcxproj" (Build target) (1) ->
       (PrepareForBuild target) -> 
         D:\Microsoft Visual Studio\Visual Studio\MSBuild\Microsoft\VC\v160\Microsoft.CppBuild.targets(499,5): warning MSB8004: Output Directory does not end with a trailing slash.  This build instance will add the slash as it is required to allow proper evaluation of the Output Directory.


       "E:\DECX_world\build_system\Windows\VS\DECX_DSP_CPU.vcxproj" (Build target) (1) ->
         D:\Microsoft Visual Studio\Visual Studio\MSBuild\Microsoft\VC\v160\Microsoft.CppBuild.targets(513,5): warning MSB8028: The intermediate directory (x64\Release\) contains files shared from another project (DECX_CV_CPU.vcxproj, DECX_CV_CUDA.vcxproj, DECX_DSP_CUDA.vcxproj, DECX_NN_CPU.vcxproj, DECX_NN_CUDA.vcxproj).  This can lead to incorrect clean and rebuild behavior.


       "E:\DECX_world\build_system\Windows\VS\DECX_DSP_CPU.vcxproj" (Build target) (1) ->
       (Link target) -> 
         LINK : fatal error LNK1181: cannot open input file 'DECX_core_CPU.lib'

    2 Warning(s)
    1 Error(s)

Time Elapsed 00:00:10.69
