  Conv2D.cpp
E:\DECX_world\samples\Conv2D\Conv2D.cpp(64,23): warning C4018: '<': signed/unsigned mismatch
E:\DECX_world\samples\Conv2D\Conv2D.cpp(65,27): warning C4018: '<': signed/unsigned mismatch
E:\DECX_world\samples\Conv2D\Conv2D.cpp(75,23): warning C4018: '<': signed/unsigned mismatch
E:\DECX_world\samples\Conv2D\Conv2D.cpp(76,27): warning C4018: '<': signed/unsigned mismatch
E:\DECX_world\samples\Conv2D\Conv2D.cpp(77,31): warning C4018: '<': signed/unsigned mismatch
E:\DECX_world\samples\Conv2D\Conv2D.cpp(90,23): warning C4018: '<': signed/unsigned mismatch
E:\DECX_world\samples\Conv2D\Conv2D.cpp(113,44): warning C4018: '<': signed/unsigned mismatch
E:\DECX_world\samples\Conv2D\Conv2D.cpp(117,23): warning C4018: '<': signed/unsigned mismatch
E:\DECX_world\samples\Conv2D\Conv2D.cpp(118,27): warning C4018: '<': signed/unsigned mismatch
E:\DECX_world\samples\Conv2D\Conv2D.cpp(120,21): warning C4244: '=': conversion from '_ptr_type' to 'uint8_t', possible loss of data
          with
          [
              _ptr_type=float
          ]
E:\DECX_world\samples\Conv2D\Conv2D.cpp(121,21): warning C4244: '=': conversion from '_ptr_type' to 'uint8_t', possible loss of data
          with
          [
              _ptr_type=float
          ]
E:\DECX_world\samples\Conv2D\Conv2D.cpp(122,21): warning C4244: '=': conversion from '_ptr_type' to 'uint8_t', possible loss of data
          with
          [
              _ptr_type=float
          ]
     Creating library E:\DECX_world\samples\x64\Release\Conv2D.lib and object E:\DECX_world\samples\x64\Release\Conv2D.exp
  Generating code
  2 of 87 functions ( 2.3%) were compiled, the rest were copied from previous compilation.
    0 functions were new in current compilation
    0 functions had inline decision re-evaluated but remain unchanged
  Finished generating code
  Conv2D.vcxproj -> E:\DECX_world\samples\x64\Release\Conv2D.exe
